Log file open, 11/13/19 22:58:06
LogWindows: Failed to load 'aqProf.dll' (GetLastError=126)
LogWindows: File 'aqProf.dll' does not exist
LogWindows: Failed to load 'VtuneApi.dll' (GetLastError=126)
LogWindows: File 'VtuneApi.dll' does not exist
LogWindows: Failed to load 'VtuneApi32e.dll' (GetLastError=126)
LogWindows: File 'VtuneApi32e.dll' does not exist
LogConsoleResponse: Display: Failed to find resolution value strings in scalability ini. Falling back to default.
LogInit: Display: Running engine for game: ALE_TF2
LogPlatformFile: Not using cached read wrapper
LogTaskGraph: Started task graph with 5 named threads and 11 total threads with 3 sets of task threads.
LogStats: Stats thread started at 0.718428
LogD3D11RHI: Loaded GFSDK_Aftermath_Lib.x64.dll
LogICUInternationalization: ICU TimeZone Detection - Raw Offset: -6:00, Platform Override: ''
LogPluginManager: Mounting plugin Paper2D
LogPluginManager: Mounting plugin AISupport
LogPluginManager: Mounting plugin LightPropagationVolume
LogPluginManager: Mounting plugin ActorLayerUtilities
LogPluginManager: Mounting plugin AnimationSharing
LogPluginManager: Mounting plugin CLionSourceCodeAccess
LogPluginManager: Mounting plugin CodeLiteSourceCodeAccess
LogPluginManager: Mounting plugin GitSourceControl
LogPluginManager: Mounting plugin KDevelopSourceCodeAccess
LogPluginManager: Mounting plugin NullSourceCodeAccess
LogPluginManager: Mounting plugin PerforceSourceControl
LogPluginManager: Mounting plugin SubversionSourceControl
LogPluginManager: Mounting plugin UObjectPlugin
LogPluginManager: Mounting plugin VisualStudioCodeSourceCodeAccess
LogPluginManager: Mounting plugin VisualStudioSourceCodeAccess
LogPluginManager: Mounting plugin XCodeSourceCodeAccess
LogPluginManager: Mounting plugin AssetManagerEditor
LogPluginManager: Mounting plugin CryptoKeys
LogPluginManager: Mounting plugin CurveEditorTools
LogPluginManager: Mounting plugin DataValidation
LogPluginManager: Mounting plugin FacialAnimation
LogPluginManager: Mounting plugin GameplayTagsEditor
LogPluginManager: Mounting plugin MacGraphicsSwitching
LogPluginManager: Mounting plugin MaterialAnalyzer
LogPluginManager: Mounting plugin MobileLauncherProfileWizard
LogPluginManager: Mounting plugin PluginBrowser
LogPluginManager: Mounting plugin SpeedTreeImporter
LogPluginManager: Mounting plugin DatasmithContent
LogPluginManager: Mounting plugin VariantManagerContent
LogPluginManager: Mounting plugin AlembicImporter
LogPluginManager: Mounting plugin AutomationUtils
LogPluginManager: Mounting plugin BackChannel
LogPluginManager: Mounting plugin CharacterAI
LogPluginManager: Mounting plugin GeometryCache
LogPluginManager: Mounting plugin HTML5Networking
LogPluginManager: Mounting plugin PlatformCrypto
LogPluginManager: Mounting plugin ProxyLODPlugin
LogPluginManager: Mounting plugin SkeletalReduction
LogPluginManager: Mounting plugin MagicLeap
LogPluginManager: Mounting plugin MagicLeapMedia
LogPluginManager: Mounting plugin AndroidMedia
LogPluginManager: Mounting plugin AvfMedia
LogPluginManager: Mounting plugin ImgMedia
LogPluginManager: Mounting plugin MediaCompositing
LogPluginManager: Mounting plugin MediaPlayerEditor
LogPluginManager: Mounting plugin WebMMedia
LogPluginManager: Mounting plugin WmfMedia
LogPluginManager: Mounting plugin TcpMessaging
LogPluginManager: Mounting plugin UdpMessaging
LogPluginManager: Mounting plugin ActorSequence
LogPluginManager: Mounting plugin LevelSequenceEditor
LogPluginManager: Mounting plugin MatineeToLevelSequence
LogPluginManager: Mounting plugin NetcodeUnitTest
LogPluginManager: Mounting plugin NUTUnrealEngine4
LogPluginManager: Mounting plugin OnlineSubsystemGooglePlay
LogPluginManager: Mounting plugin OnlineSubsystemIOS
LogPluginManager: Mounting plugin OnlineSubsystem
LogPluginManager: Mounting plugin OnlineSubsystemNull
LogPluginManager: Mounting plugin OnlineSubsystemUtils
LogPluginManager: Mounting plugin LauncherChunkInstaller
LogPluginManager: Mounting plugin AndroidDeviceProfileSelector
LogPluginManager: Mounting plugin AndroidMoviePlayer
LogPluginManager: Mounting plugin AndroidPermission
LogPluginManager: Mounting plugin AppleImageUtils
LogPluginManager: Mounting plugin AppleMoviePlayer
LogPluginManager: Mounting plugin ArchVisCharacter
LogPluginManager: Mounting plugin AudioCapture
LogPluginManager: Mounting plugin CableComponent
LogPluginManager: Mounting plugin CustomMeshComponent
LogPluginManager: Mounting plugin EditableMesh
LogPluginManager: Mounting plugin ExampleDeviceProfileSelector
LogPluginManager: Mounting plugin GoogleCloudMessaging
LogPluginManager: Mounting plugin IOSDeviceProfileSelector
LogPluginManager: Mounting plugin LinuxDeviceProfileSelector
LogPluginManager: Mounting plugin LocationServicesBPLibrary
LogPluginManager: Mounting plugin MobilePatchingUtils
LogPluginManager: Mounting plugin OculusVR
LogPluginManager: Mounting plugin PhysXVehicles
LogPluginManager: Mounting plugin ProceduralMeshComponent
LogPluginManager: Mounting plugin RuntimePhysXCooking
LogPluginManager: Mounting plugin SignificanceManager
LogPluginManager: Mounting plugin SteamVR
LogPluginManager: Mounting plugin WebMMoviePlayer
LogPluginManager: Mounting plugin WindowsMoviePlayer
LogPluginManager: Mounting plugin ScreenshotTools
LogInit: Using libcurl 7.55.1-DEV
LogInit:  - built for x86_64-pc-win32
LogInit:  - supports SSL with OpenSSL/1.1.1
LogInit:  - supports HTTP deflate (compression) using libz 1.2.8
LogInit:  - other features:
LogInit:      CURL_VERSION_SSL
LogInit:      CURL_VERSION_LIBZ
LogInit:      CURL_VERSION_IPV6
LogInit:      CURL_VERSION_ASYNCHDNS
LogInit:      CURL_VERSION_LARGEFILE
LogInit:      CURL_VERSION_IDN
LogInit:  CurlRequestOptions (configurable via config and command line):
LogInit:  - bVerifyPeer = true  - Libcurl will verify peer certificate
LogInit:  - bUseHttpProxy = false  - Libcurl will NOT use HTTP proxy
LogInit:  - bDontReuseConnections = false  - Libcurl will reuse connections
LogInit:  - MaxHostConnections = 16  - Libcurl will limit the number of connections to a host
LogInit:  - LocalHostAddr = Default
LogInit:  - BufferSize = 65536
LogOnline: OSS: Creating online subsystem instance for: NULL
LogInit: WinSock: version 1.1 (2.2), MaxSocks=32767, MaxUdp=65467
LogInit: Build: ++UE4+Release-4.23-CL-8386587
LogInit: Engine Version: 4.23.0-8386587+++UE4+Release-4.23
LogInit: Compatible Engine Version: 4.23.0-8386587+++UE4+Release-4.23
LogInit: Net CL: 8386587
LogInit: OS: Windows 10 (Release 1903) (), CPU: Intel(R) Core(TM) i5-7200U CPU @ 2.50GHz, GPU: Intel(R) HD Graphics 620
LogInit: Compiled (64-bit): Aug 31 2019 02:04:44
LogInit: Compiled with Visual C++: 19.16.27030.01
LogInit: Build Configuration: Development
LogInit: Branch Name: ++UE4+Release-4.23
LogInit: Command Line: 
LogInit: Base Directory: C:/Program Files/Epic Games/UE_4.23/Engine/Binaries/Win64/
LogInit: Installed Engine Build: 1
LogDevObjectVersion: Number of dev versions registered: 23
LogDevObjectVersion:   Dev-Blueprints (B0D832E4-1F89-4F0D-ACCF-7EB736FD4AA2): 10
LogDevObjectVersion:   Dev-Build (E1C64328-A22C-4D53-A36C-8E866417BD8C): 0
LogDevObjectVersion:   Dev-Core (375EC13C-06E4-48FB-B500-84F0262A717E): 3
LogDevObjectVersion:   Dev-Editor (E4B068ED-F494-42E9-A231-DA0B2E46BB41): 34
LogDevObjectVersion:   Dev-Framework (CFFC743F-43B0-4480-9391-14DF171D2073): 35
LogDevObjectVersion:   Dev-Mobile (B02B49B5-BB20-44E9-A304-32B752E40360): 2
LogDevObjectVersion:   Dev-Networking (A4E4105C-59A1-49B5-A7C5-40C4547EDFEE): 0
LogDevObjectVersion:   Dev-Online (39C831C9-5AE6-47DC-9A44-9C173E1C8E7C): 0
LogDevObjectVersion:   Dev-Physics (78F01B33-EBEA-4F98-B9B4-84EACCB95AA2): 0
LogDevObjectVersion:   Dev-Platform (6631380F-2D4D-43E0-8009-CF276956A95A): 0
LogDevObjectVersion:   Dev-Rendering (12F88B9F-8875-4AFC-A67C-D90C383ABD29): 31
LogDevObjectVersion:   Dev-Sequencer (7B5AE74C-D270-4C10-A958-57980B212A5A): 11
LogDevObjectVersion:   Dev-VR (D7296918-1DD6-4BDD-9DE2-64A83CC13884): 2
LogDevObjectVersion:   Dev-LoadTimes (C2A15278-BFE7-4AFE-6C17-90FF531DF755): 1
LogDevObjectVersion:   Private-Geometry (6EACA3D4-40EC-4CC1-B786-8BED09428FC5): 3
LogDevObjectVersion:   Dev-AnimPhys (29E575DD-E0A3-4627-9D10-D276232CDCEA): 17
LogDevObjectVersion:   Dev-Anim (AF43A65D-7FD3-4947-9873-3E8ED9C1BB05): 2
LogDevObjectVersion:   Dev-ReflectionCapture (6B266CEC-1EC7-4B8F-A30B-E4D90942FC07): 1
LogDevObjectVersion:   Dev-Automation (0DF73D61-A23F-47EA-B727-89E90C41499A): 1
LogDevObjectVersion:   FortniteMain (601D1886-AC64-4F84-AA16-D3DE0DEAC7D6): 27
LogDevObjectVersion:   Dev-Enterprise (9DFFBCD6-494F-0158-E221-12823C92A888): 6
LogDevObjectVersion:   Dev-Niagara (F2AED0AC-9AFE-416F-8664-AA7FFA26D6FC): 1
LogDevObjectVersion:   Dev-Destruction (174F1F0B-B4C6-45A5-B13F-2EE8D0FB917D): 9
LogInit: Presizing for max 16777216 objects, including 0 objects not considered by GC, pre-allocating 0 bytes for permanent pool.
LogInit: Object subsystem initialized
LogConfig: Setting CVar [[con.DebugEarlyDefault:1]]
LogConfig: Setting CVar [[r.setres:1280x720]]
[2019.11.14-04.58.10:140][  0]LogConfig: Setting CVar [[r.VSync:0]]
[2019.11.14-04.58.10:140][  0]LogConfig: Setting CVar [[r.RHICmdBypass:0]]
[2019.11.14-04.58.10:149][  0]LogConfig: Applying CVar settings from Section [/Script/Engine.RendererSettings] File [C:/Users/ALE/Documents/GAME 3 sem/GAME 1304 LEVEL DESIGN/Project4/ALE_TF2/Saved/Config/Windows/Engine.ini]
[2019.11.14-04.58.10:149][  0]LogConfig: Setting CVar [[r.GPUCrashDebugging:0]]
[2019.11.14-04.58.10:149][  0]LogConfig: Applying CVar settings from Section [/Script/Engine.RendererOverrideSettings] File [C:/Users/ALE/Documents/GAME 3 sem/GAME 1304 LEVEL DESIGN/Project4/ALE_TF2/Saved/Config/Windows/Engine.ini]
[2019.11.14-04.58.10:149][  0]LogConfig: Applying CVar settings from Section [/Script/Engine.StreamingSettings] File [C:/Users/ALE/Documents/GAME 3 sem/GAME 1304 LEVEL DESIGN/Project4/ALE_TF2/Saved/Config/Windows/Engine.ini]
[2019.11.14-04.58.10:149][  0]LogConfig: Setting CVar [[s.MinBulkDataSizeForAsyncLoading:131072]]
[2019.11.14-04.58.10:149][  0]LogConfig: Setting CVar [[s.AsyncLoadingThreadEnabled:0]]
[2019.11.14-04.58.10:149][  0]LogConfig: Setting CVar [[s.EventDrivenLoaderEnabled:1]]
[2019.11.14-04.58.10:149][  0]LogConfig: Setting CVar [[s.WarnIfTimeLimitExceeded:0]]
[2019.11.14-04.58.10:149][  0]LogConfig: Setting CVar [[s.TimeLimitExceededMultiplier:1.5]]
[2019.11.14-04.58.10:149][  0]LogConfig: Setting CVar [[s.TimeLimitExceededMinTime:0.005]]
[2019.11.14-04.58.10:149][  0]LogConfig: Setting CVar [[s.UseBackgroundLevelStreaming:1]]
[2019.11.14-04.58.10:149][  0]LogConfig: Setting CVar [[s.PriorityAsyncLoadingExtraTime:15.0]]
[2019.11.14-04.58.10:149][  0]LogConfig: Setting CVar [[s.LevelStreamingActorsUpdateTimeLimit:5.0]]
[2019.11.14-04.58.10:149][  0]LogConfig: Setting CVar [[s.PriorityLevelStreamingActorsUpdateExtraTime:5.0]]
[2019.11.14-04.58.10:149][  0]LogConfig: Setting CVar [[s.LevelStreamingComponentsRegistrationGranularity:10]]
[2019.11.14-04.58.10:149][  0]LogConfig: Setting CVar [[s.UnregisterComponentsTimeLimit:1.0]]
[2019.11.14-04.58.10:149][  0]LogConfig: Setting CVar [[s.LevelStreamingComponentsUnregistrationGranularity:5]]
[2019.11.14-04.58.10:149][  0]LogConfig: Applying CVar settings from Section [/Script/Engine.GarbageCollectionSettings] File [C:/Users/ALE/Documents/GAME 3 sem/GAME 1304 LEVEL DESIGN/Project4/ALE_TF2/Saved/Config/Windows/Engine.ini]
[2019.11.14-04.58.10:149][  0]LogConfig: Setting CVar [[gc.MaxObjectsNotConsideredByGC:1]]
[2019.11.14-04.58.10:149][  0]LogConfig: Setting CVar [[gc.SizeOfPermanentObjectPool:0]]
[2019.11.14-04.58.10:149][  0]LogConfig: Setting CVar [[gc.FlushStreamingOnGC:0]]
[2019.11.14-04.58.10:149][  0]LogConfig: Setting CVar [[gc.NumRetriesBeforeForcingGC:10]]
[2019.11.14-04.58.10:150][  0]LogConfig: Setting CVar [[gc.AllowParallelGC:1]]
[2019.11.14-04.58.10:150][  0]LogConfig: Setting CVar [[gc.TimeBetweenPurgingPendingKillObjects:61.1]]
[2019.11.14-04.58.10:150][  0]LogConfig: Setting CVar [[gc.MaxObjectsInEditor:16777216]]
[2019.11.14-04.58.10:150][  0]LogConfig: Setting CVar [[gc.IncrementalBeginDestroyEnabled:1]]
[2019.11.14-04.58.10:150][  0]LogConfig: Setting CVar [[gc.CreateGCClusters:1]]
[2019.11.14-04.58.10:150][  0]LogConfig: Setting CVar [[gc.MinGCClusterSize:5]]
[2019.11.14-04.58.10:150][  0]LogConfig: Setting CVar [[gc.ActorClusteringEnabled:0]]
[2019.11.14-04.58.10:150][  0]LogConfig: Setting CVar [[gc.BlueprintClusteringEnabled:0]]
[2019.11.14-04.58.10:150][  0]LogConfig: Setting CVar [[gc.UseDisregardForGCOnDedicatedServers:0]]
[2019.11.14-04.58.10:150][  0]LogConfig: Applying CVar settings from Section [/Script/Engine.NetworkSettings] File [C:/Users/ALE/Documents/GAME 3 sem/GAME 1304 LEVEL DESIGN/Project4/ALE_TF2/Saved/Config/Windows/Engine.ini]
[2019.11.14-04.58.10:150][  0]LogConfig: Applying CVar settings from Section [/Script/UnrealEd.CookerSettings] File [C:/Users/ALE/Documents/GAME 3 sem/GAME 1304 LEVEL DESIGN/Project4/ALE_TF2/Saved/Config/Windows/Engine.ini]
[2019.11.14-04.58.10:220][  0]LogConfig: Applying CVar settings from Section [ViewDistanceQuality@3] File [C:/Users/ALE/Documents/GAME 3 sem/GAME 1304 LEVEL DESIGN/Project4/ALE_TF2/Saved/Config/Windows/Scalability.ini]
[2019.11.14-04.58.10:220][  0]LogConfig: Setting CVar [[r.SkeletalMeshLODBias:0]]
[2019.11.14-04.58.10:220][  0]LogConfig: Setting CVar [[r.ViewDistanceScale:1.0]]
[2019.11.14-04.58.10:220][  0]LogConfig: Applying CVar settings from Section [AntiAliasingQuality@3] File [C:/Users/ALE/Documents/GAME 3 sem/GAME 1304 LEVEL DESIGN/Project4/ALE_TF2/Saved/Config/Windows/Scalability.ini]
[2019.11.14-04.58.10:220][  0]LogConfig: Setting CVar [[r.PostProcessAAQuality:4]]
[2019.11.14-04.58.10:220][  0]LogConfig: Applying CVar settings from Section [ShadowQuality@3] File [C:/Users/ALE/Documents/GAME 3 sem/GAME 1304 LEVEL DESIGN/Project4/ALE_TF2/Saved/Config/Windows/Scalability.ini]
[2019.11.14-04.58.10:220][  0]LogConfig: Setting CVar [[r.LightFunctionQuality:1]]
[2019.11.14-04.58.10:220][  0]LogConfig: Setting CVar [[r.ShadowQuality:5]]
[2019.11.14-04.58.10:220][  0]LogConfig: Setting CVar [[r.Shadow.CSM.MaxCascades:10]]
[2019.11.14-04.58.10:220][  0]LogConfig: Setting CVar [[r.Shadow.MaxResolution:2048]]
[2019.11.14-04.58.10:220][  0]LogConfig: Setting CVar [[r.Shadow.MaxCSMResolution:2048]]
[2019.11.14-04.58.10:220][  0]LogConfig: Setting CVar [[r.Shadow.RadiusThreshold:0.01]]
[2019.11.14-04.58.10:220][  0]LogConfig: Setting CVar [[r.Shadow.DistanceScale:1.0]]
[2019.11.14-04.58.10:220][  0]LogConfig: Setting CVar [[r.Shadow.CSM.TransitionScale:1.0]]
[2019.11.14-04.58.10:220][  0]LogConfig: Setting CVar [[r.Shadow.PreShadowResolutionFactor:1.0]]
[2019.11.14-04.58.10:220][  0]LogConfig: Setting CVar [[r.DistanceFieldShadowing:1]]
[2019.11.14-04.58.10:220][  0]LogConfig: Setting CVar [[r.DistanceFieldAO:1]]
[2019.11.14-04.58.10:220][  0]LogConfig: Setting CVar [[r.AOQuality:2]]
[2019.11.14-04.58.10:220][  0]LogConfig: Setting CVar [[r.VolumetricFog:1]]
[2019.11.14-04.58.10:220][  0]LogConfig: Setting CVar [[r.VolumetricFog.GridPixelSize:8]]
[2019.11.14-04.58.10:220][  0]LogConfig: Setting CVar [[r.VolumetricFog.GridSizeZ:128]]
[2019.11.14-04.58.10:220][  0]LogConfig: Setting CVar [[r.VolumetricFog.HistoryMissSupersampleCount:4]]
[2019.11.14-04.58.10:221][  0]LogConfig: Setting CVar [[r.LightMaxDrawDistanceScale:1]]
[2019.11.14-04.58.10:221][  0]LogConfig: Setting CVar [[r.CapsuleShadows:1]]
[2019.11.14-04.58.10:221][  0]LogConfig: Applying CVar settings from Section [PostProcessQuality@3] File [C:/Users/ALE/Documents/GAME 3 sem/GAME 1304 LEVEL DESIGN/Project4/ALE_TF2/Saved/Config/Windows/Scalability.ini]
[2019.11.14-04.58.10:221][  0]LogConfig: Setting CVar [[r.MotionBlurQuality:4]]
[2019.11.14-04.58.10:221][  0]LogConfig: Setting CVar [[r.AmbientOcclusionMipLevelFactor:0.4]]
[2019.11.14-04.58.10:221][  0]LogConfig: Setting CVar [[r.AmbientOcclusionMaxQuality:100]]
[2019.11.14-04.58.10:221][  0]LogConfig: Setting CVar [[r.AmbientOcclusionLevels:-1]]
[2019.11.14-04.58.10:221][  0]LogConfig: Setting CVar [[r.AmbientOcclusionRadiusScale:1.0]]
[2019.11.14-04.58.10:221][  0]LogConfig: Setting CVar [[r.DepthOfFieldQuality:2]]
[2019.11.14-04.58.10:221][  0]LogConfig: Setting CVar [[r.RenderTargetPoolMin:400]]
[2019.11.14-04.58.10:221][  0]LogConfig: Setting CVar [[r.LensFlareQuality:2]]
[2019.11.14-04.58.10:221][  0]LogConfig: Setting CVar [[r.SceneColorFringeQuality:1]]
[2019.11.14-04.58.10:221][  0]LogConfig: Setting CVar [[r.EyeAdaptationQuality:2]]
[2019.11.14-04.58.10:221][  0]LogConfig: Setting CVar [[r.BloomQuality:5]]
[2019.11.14-04.58.10:221][  0]LogConfig: Setting CVar [[r.FastBlurThreshold:100]]
[2019.11.14-04.58.10:221][  0]LogConfig: Setting CVar [[r.Upscale.Quality:3]]
[2019.11.14-04.58.10:221][  0]LogConfig: Setting CVar [[r.Tonemapper.GrainQuantization:1]]
[2019.11.14-04.58.10:221][  0]LogConfig: Setting CVar [[r.LightShaftQuality:1]]
[2019.11.14-04.58.10:221][  0]LogConfig: Setting CVar [[r.Filter.SizeScale:1]]
[2019.11.14-04.58.10:221][  0]LogConfig: Setting CVar [[r.Tonemapper.Quality:5]]
[2019.11.14-04.58.10:221][  0]LogConfig: Setting CVar [[r.DOF.Gather.AccumulatorQuality:1        ; higher gathering accumulator quality]]
[2019.11.14-04.58.10:221][  0]LogConfig: Setting CVar [[r.DOF.Gather.PostfilterMethod:1          ; Median3x3 postfilering method]]
[2019.11.14-04.58.10:222][  0]LogConfig: Setting CVar [[r.DOF.Gather.EnableBokehSettings:0       ; no bokeh simulation when gathering]]
[2019.11.14-04.58.10:222][  0]LogConfig: Setting CVar [[r.DOF.Gather.RingCount:4                 ; medium number of samples when gathering]]
[2019.11.14-04.58.10:222][  0]LogConfig: Setting CVar [[r.DOF.Scatter.ForegroundCompositing:1    ; additive foreground scattering]]
[2019.11.14-04.58.10:222][  0]LogConfig: Setting CVar [[r.DOF.Scatter.BackgroundCompositing:2    ; additive background scattering]]
[2019.11.14-04.58.10:222][  0]LogConfig: Setting CVar [[r.DOF.Scatter.EnableBokehSettings:1      ; bokeh simulation when scattering]]
[2019.11.14-04.58.10:222][  0]LogConfig: Setting CVar [[r.DOF.Scatter.MaxSpriteRatio:0.1         ; only a maximum of 10% of scattered bokeh]]
[2019.11.14-04.58.10:222][  0]LogConfig: Setting CVar [[r.DOF.Recombine.Quality:1                ; cheap slight out of focus]]
[2019.11.14-04.58.10:222][  0]LogConfig: Setting CVar [[r.DOF.Recombine.EnableBokehSettings:0    ; no bokeh simulation on slight out of focus]]
[2019.11.14-04.58.10:222][  0]LogConfig: Setting CVar [[r.DOF.TemporalAAQuality:1                ; more stable temporal accumulation]]
[2019.11.14-04.58.10:222][  0]LogConfig: Setting CVar [[r.DOF.Kernel.MaxForegroundRadius:0.025]]
[2019.11.14-04.58.10:222][  0]LogConfig: Setting CVar [[r.DOF.Kernel.MaxBackgroundRadius:0.025]]
[2019.11.14-04.58.10:222][  0]LogConfig: Applying CVar settings from Section [TextureQuality@3] File [C:/Users/ALE/Documents/GAME 3 sem/GAME 1304 LEVEL DESIGN/Project4/ALE_TF2/Saved/Config/Windows/Scalability.ini]
[2019.11.14-04.58.10:222][  0]LogConfig: Setting CVar [[r.Streaming.MipBias:0]]
[2019.11.14-04.58.10:222][  0]LogConfig: Setting CVar [[r.Streaming.AmortizeCPUToGPUCopy:0]]
[2019.11.14-04.58.10:222][  0]LogConfig: Setting CVar [[r.Streaming.MaxNumTexturesToStreamPerFrame:0]]
[2019.11.14-04.58.10:222][  0]LogConfig: Setting CVar [[r.Streaming.Boost:1]]
[2019.11.14-04.58.10:222][  0]LogConfig: Setting CVar [[r.MaxAnisotropy:8]]
[2019.11.14-04.58.10:222][  0]LogConfig: Setting CVar [[r.Streaming.LimitPoolSizeToVRAM:0]]
[2019.11.14-04.58.10:222][  0]LogConfig: Setting CVar [[r.Streaming.PoolSize:1000]]
[2019.11.14-04.58.10:222][  0]LogConfig: Setting CVar [[r.Streaming.MaxEffectiveScreenSize:0]]
[2019.11.14-04.58.10:222][  0]LogConfig: Applying CVar settings from Section [EffectsQuality@3] File [C:/Users/ALE/Documents/GAME 3 sem/GAME 1304 LEVEL DESIGN/Project4/ALE_TF2/Saved/Config/Windows/Scalability.ini]
[2019.11.14-04.58.10:222][  0]LogConfig: Setting CVar [[r.TranslucencyLightingVolumeDim:64]]
[2019.11.14-04.58.10:222][  0]LogConfig: Setting CVar [[r.RefractionQuality:2]]
[2019.11.14-04.58.10:222][  0]LogConfig: Setting CVar [[r.SSR.Quality:3]]
[2019.11.14-04.58.10:222][  0]LogConfig: Setting CVar [[r.SceneColorFormat:4]]
[2019.11.14-04.58.10:222][  0]LogConfig: Setting CVar [[r.DetailMode:2]]
[2019.11.14-04.58.10:222][  0]LogConfig: Setting CVar [[r.TranslucencyVolumeBlur:1]]
[2019.11.14-04.58.10:222][  0]LogConfig: Setting CVar [[r.MaterialQualityLevel:1 ; High quality]]
[2019.11.14-04.58.10:222][  0]LogConfig: Setting CVar [[r.SSS.Scale:1]]
[2019.11.14-04.58.10:222][  0]LogConfig: Setting CVar [[r.SSS.SampleSet:2]]
[2019.11.14-04.58.10:222][  0]LogConfig: Setting CVar [[r.SSS.Quality:1]]
[2019.11.14-04.58.10:222][  0]LogConfig: Setting CVar [[r.SSS.HalfRes:1]]
[2019.11.14-04.58.10:222][  0]LogConfig: Setting CVar [[r.EmitterSpawnRateScale:1.0]]
[2019.11.14-04.58.10:223][  0]LogConfig: Setting CVar [[r.ParticleLightQuality:2]]
[2019.11.14-04.58.10:223][  0]LogConfig: Applying CVar settings from Section [FoliageQuality@3] File [C:/Users/ALE/Documents/GAME 3 sem/GAME 1304 LEVEL DESIGN/Project4/ALE_TF2/Saved/Config/Windows/Scalability.ini]
[2019.11.14-04.58.10:223][  0]LogConfig: Setting CVar [[foliage.DensityScale:1.0]]
[2019.11.14-04.58.10:223][  0]LogConfig: Setting CVar [[grass.DensityScale:1.0]]
[2019.11.14-04.58.10:227][  0]LogInit: Selected Device Profile: [Windows]
[2019.11.14-04.58.10:228][  0]LogInit: Applying CVar settings loaded from the selected device profile: [Windows]
[2019.11.14-04.58.10:283][  0]LogHAL: Display: Platform has ~ 12 GB [12764549120 / 17179869184 / 12], which maps to Larger [LargestMinGB=32, LargerMinGB=12, DefaultMinGB=8, SmallerMinGB=6, SmallestMinGB=0)
[2019.11.14-04.58.10:283][  0]LogInit: Going up to parent DeviceProfile []
[2019.11.14-04.58.10:284][  0]LogConfig: Applying CVar settings from Section [ViewDistanceQuality@3] File [C:/Users/ALE/Documents/GAME 3 sem/GAME 1304 LEVEL DESIGN/Project4/ALE_TF2/Saved/Config/Windows/Scalability.ini]
[2019.11.14-04.58.10:284][  0]LogConfig: Setting CVar [[r.SkeletalMeshLODBias:0]]
[2019.11.14-04.58.10:284][  0]LogConfig: Setting CVar [[r.ViewDistanceScale:1.0]]
[2019.11.14-04.58.10:284][  0]LogConfig: Applying CVar settings from Section [AntiAliasingQuality@3] File [C:/Users/ALE/Documents/GAME 3 sem/GAME 1304 LEVEL DESIGN/Project4/ALE_TF2/Saved/Config/Windows/Scalability.ini]
[2019.11.14-04.58.10:284][  0]LogConfig: Setting CVar [[r.PostProcessAAQuality:4]]
[2019.11.14-04.58.10:284][  0]LogConfig: Applying CVar settings from Section [ShadowQuality@3] File [C:/Users/ALE/Documents/GAME 3 sem/GAME 1304 LEVEL DESIGN/Project4/ALE_TF2/Saved/Config/Windows/Scalability.ini]
[2019.11.14-04.58.10:284][  0]LogConfig: Setting CVar [[r.LightFunctionQuality:1]]
[2019.11.14-04.58.10:284][  0]LogConfig: Setting CVar [[r.ShadowQuality:5]]
[2019.11.14-04.58.10:284][  0]LogConfig: Setting CVar [[r.Shadow.CSM.MaxCascades:10]]
[2019.11.14-04.58.10:285][  0]LogConfig: Setting CVar [[r.Shadow.MaxResolution:2048]]
[2019.11.14-04.58.10:285][  0]LogConfig: Setting CVar [[r.Shadow.MaxCSMResolution:2048]]
[2019.11.14-04.58.10:285][  0]LogConfig: Setting CVar [[r.Shadow.RadiusThreshold:0.01]]
[2019.11.14-04.58.10:285][  0]LogConfig: Setting CVar [[r.Shadow.DistanceScale:1.0]]
[2019.11.14-04.58.10:285][  0]LogConfig: Setting CVar [[r.Shadow.CSM.TransitionScale:1.0]]
[2019.11.14-04.58.10:285][  0]LogConfig: Setting CVar [[r.Shadow.PreShadowResolutionFactor:1.0]]
[2019.11.14-04.58.10:285][  0]LogConfig: Setting CVar [[r.DistanceFieldShadowing:1]]
[2019.11.14-04.58.10:285][  0]LogConfig: Setting CVar [[r.DistanceFieldAO:1]]
[2019.11.14-04.58.10:285][  0]LogConfig: Setting CVar [[r.AOQuality:2]]
[2019.11.14-04.58.10:285][  0]LogConfig: Setting CVar [[r.VolumetricFog:1]]
[2019.11.14-04.58.10:285][  0]LogConfig: Setting CVar [[r.VolumetricFog.GridPixelSize:8]]
[2019.11.14-04.58.10:285][  0]LogConfig: Setting CVar [[r.VolumetricFog.GridSizeZ:128]]
[2019.11.14-04.58.10:285][  0]LogConfig: Setting CVar [[r.VolumetricFog.HistoryMissSupersampleCount:4]]
[2019.11.14-04.58.10:285][  0]LogConfig: Setting CVar [[r.LightMaxDrawDistanceScale:1]]
[2019.11.14-04.58.10:285][  0]LogConfig: Setting CVar [[r.CapsuleShadows:1]]
[2019.11.14-04.58.10:285][  0]LogConfig: Applying CVar settings from Section [PostProcessQuality@3] File [C:/Users/ALE/Documents/GAME 3 sem/GAME 1304 LEVEL DESIGN/Project4/ALE_TF2/Saved/Config/Windows/Scalability.ini]
[2019.11.14-04.58.10:285][  0]LogConfig: Setting CVar [[r.MotionBlurQuality:4]]
[2019.11.14-04.58.10:285][  0]LogConfig: Setting CVar [[r.AmbientOcclusionMipLevelFactor:0.4]]
[2019.11.14-04.58.10:285][  0]LogConfig: Setting CVar [[r.AmbientOcclusionMaxQuality:100]]
[2019.11.14-04.58.10:285][  0]LogConfig: Setting CVar [[r.AmbientOcclusionLevels:-1]]
[2019.11.14-04.58.10:285][  0]LogConfig: Setting CVar [[r.AmbientOcclusionRadiusScale:1.0]]
[2019.11.14-04.58.10:285][  0]LogConfig: Setting CVar [[r.DepthOfFieldQuality:2]]
[2019.11.14-04.58.10:285][  0]LogConfig: Setting CVar [[r.RenderTargetPoolMin:400]]
[2019.11.14-04.58.10:285][  0]LogConfig: Setting CVar [[r.LensFlareQuality:2]]
[2019.11.14-04.58.10:286][  0]LogConfig: Setting CVar [[r.SceneColorFringeQuality:1]]
[2019.11.14-04.58.10:286][  0]LogConfig: Setting CVar [[r.EyeAdaptationQuality:2]]
[2019.11.14-04.58.10:286][  0]LogConfig: Setting CVar [[r.BloomQuality:5]]
[2019.11.14-04.58.10:286][  0]LogConfig: Setting CVar [[r.FastBlurThreshold:100]]
[2019.11.14-04.58.10:286][  0]LogConfig: Setting CVar [[r.Upscale.Quality:3]]
[2019.11.14-04.58.10:286][  0]LogConfig: Setting CVar [[r.Tonemapper.GrainQuantization:1]]
[2019.11.14-04.58.10:286][  0]LogConfig: Setting CVar [[r.LightShaftQuality:1]]
[2019.11.14-04.58.10:286][  0]LogConfig: Setting CVar [[r.Filter.SizeScale:1]]
[2019.11.14-04.58.10:286][  0]LogConfig: Setting CVar [[r.Tonemapper.Quality:5]]
[2019.11.14-04.58.10:286][  0]LogConfig: Setting CVar [[r.DOF.Gather.AccumulatorQuality:1        ; higher gathering accumulator quality]]
[2019.11.14-04.58.10:286][  0]LogConfig: Setting CVar [[r.DOF.Gather.PostfilterMethod:1          ; Median3x3 postfilering method]]
[2019.11.14-04.58.10:286][  0]LogConfig: Setting CVar [[r.DOF.Gather.EnableBokehSettings:0       ; no bokeh simulation when gathering]]
[2019.11.14-04.58.10:286][  0]LogConfig: Setting CVar [[r.DOF.Gather.RingCount:4                 ; medium number of samples when gathering]]
[2019.11.14-04.58.10:286][  0]LogConfig: Setting CVar [[r.DOF.Scatter.ForegroundCompositing:1    ; additive foreground scattering]]
[2019.11.14-04.58.10:286][  0]LogConfig: Setting CVar [[r.DOF.Scatter.BackgroundCompositing:2    ; additive background scattering]]
[2019.11.14-04.58.10:286][  0]LogConfig: Setting CVar [[r.DOF.Scatter.EnableBokehSettings:1      ; bokeh simulation when scattering]]
[2019.11.14-04.58.10:286][  0]LogConfig: Setting CVar [[r.DOF.Scatter.MaxSpriteRatio:0.1         ; only a maximum of 10% of scattered bokeh]]
[2019.11.14-04.58.10:286][  0]LogConfig: Setting CVar [[r.DOF.Recombine.Quality:1                ; cheap slight out of focus]]
[2019.11.14-04.58.10:286][  0]LogConfig: Setting CVar [[r.DOF.Recombine.EnableBokehSettings:0    ; no bokeh simulation on slight out of focus]]
[2019.11.14-04.58.10:286][  0]LogConfig: Setting CVar [[r.DOF.TemporalAAQuality:1                ; more stable temporal accumulation]]
[2019.11.14-04.58.10:286][  0]LogConfig: Setting CVar [[r.DOF.Kernel.MaxForegroundRadius:0.025]]
[2019.11.14-04.58.10:286][  0]LogConfig: Setting CVar [[r.DOF.Kernel.MaxBackgroundRadius:0.025]]
[2019.11.14-04.58.10:286][  0]LogConfig: Applying CVar settings from Section [TextureQuality@3] File [C:/Users/ALE/Documents/GAME 3 sem/GAME 1304 LEVEL DESIGN/Project4/ALE_TF2/Saved/Config/Windows/Scalability.ini]
[2019.11.14-04.58.10:286][  0]LogConfig: Setting CVar [[r.Streaming.MipBias:0]]
[2019.11.14-04.58.10:286][  0]LogConfig: Setting CVar [[r.Streaming.AmortizeCPUToGPUCopy:0]]
[2019.11.14-04.58.10:286][  0]LogConfig: Setting CVar [[r.Streaming.MaxNumTexturesToStreamPerFrame:0]]
[2019.11.14-04.58.10:286][  0]LogConfig: Setting CVar [[r.Streaming.Boost:1]]
[2019.11.14-04.58.10:286][  0]LogConfig: Setting CVar [[r.MaxAnisotropy:8]]
[2019.11.14-04.58.10:286][  0]LogConfig: Setting CVar [[r.Streaming.LimitPoolSizeToVRAM:0]]
[2019.11.14-04.58.10:286][  0]LogConfig: Setting CVar [[r.Streaming.PoolSize:1000]]
[2019.11.14-04.58.10:286][  0]LogConfig: Setting CVar [[r.Streaming.MaxEffectiveScreenSize:0]]
[2019.11.14-04.58.10:286][  0]LogConfig: Applying CVar settings from Section [EffectsQuality@3] File [C:/Users/ALE/Documents/GAME 3 sem/GAME 1304 LEVEL DESIGN/Project4/ALE_TF2/Saved/Config/Windows/Scalability.ini]
[2019.11.14-04.58.10:286][  0]LogConfig: Setting CVar [[r.TranslucencyLightingVolumeDim:64]]
[2019.11.14-04.58.10:287][  0]LogConfig: Setting CVar [[r.RefractionQuality:2]]
[2019.11.14-04.58.10:287][  0]LogConfig: Setting CVar [[r.SSR.Quality:3]]
[2019.11.14-04.58.10:287][  0]LogConfig: Setting CVar [[r.SceneColorFormat:4]]
[2019.11.14-04.58.10:287][  0]LogConfig: Setting CVar [[r.DetailMode:2]]
[2019.11.14-04.58.10:287][  0]LogConfig: Setting CVar [[r.TranslucencyVolumeBlur:1]]
[2019.11.14-04.58.10:287][  0]LogConfig: Setting CVar [[r.MaterialQualityLevel:1 ; High quality]]
[2019.11.14-04.58.10:287][  0]LogConfig: Setting CVar [[r.SSS.Scale:1]]
[2019.11.14-04.58.10:287][  0]LogConfig: Setting CVar [[r.SSS.SampleSet:2]]
[2019.11.14-04.58.10:287][  0]LogConfig: Setting CVar [[r.SSS.Quality:1]]
[2019.11.14-04.58.10:287][  0]LogConfig: Setting CVar [[r.SSS.HalfRes:1]]
[2019.11.14-04.58.10:287][  0]LogConfig: Setting CVar [[r.EmitterSpawnRateScale:1.0]]
[2019.11.14-04.58.10:287][  0]LogConfig: Setting CVar [[r.ParticleLightQuality:2]]
[2019.11.14-04.58.10:287][  0]LogConfig: Applying CVar settings from Section [FoliageQuality@3] File [C:/Users/ALE/Documents/GAME 3 sem/GAME 1304 LEVEL DESIGN/Project4/ALE_TF2/Saved/Config/Windows/Scalability.ini]
[2019.11.14-04.58.10:287][  0]LogConfig: Setting CVar [[foliage.DensityScale:1.0]]
[2019.11.14-04.58.10:287][  0]LogConfig: Setting CVar [[grass.DensityScale:1.0]]
[2019.11.14-04.58.10:287][  0]LogConfig: Applying CVar settings from Section [Startup] File [../../../Engine/Config/ConsoleVariables.ini]
[2019.11.14-04.58.10:310][  0]LogConfig: Setting CVar [[net.UseAdaptiveNetUpdateFrequency:0]]
[2019.11.14-04.58.10:310][  0]LogConfig: Setting CVar [[p.chaos.AllowCreatePhysxBodies:1]]
[2019.11.14-04.58.10:310][  0]LogConfig: Applying CVar settings from Section [ConsoleVariables] File [C:/Users/ALE/Documents/GAME 3 sem/GAME 1304 LEVEL DESIGN/Project4/ALE_TF2/Saved/Config/Windows/Engine.ini]
[2019.11.14-04.58.10:330][  0]LogInit: Computer: ALE-CP
[2019.11.14-04.58.10:330][  0]LogInit: User: ALE
[2019.11.14-04.58.10:331][  0]LogInit: CPU Page size=4096, Cores=2
[2019.11.14-04.58.10:331][  0]LogInit: High frequency timer resolution =10.000000 MHz
[2019.11.14-04.58.10:332][  0]LogMemory: Memory total: Physical=11.9GB (12GB approx)
[2019.11.14-04.58.10:332][  0]LogMemory: Platform Memory Stats for Windows
[2019.11.14-04.58.10:332][  0]LogMemory: Process Physical Memory: 100.09 MB used, 100.10 MB peak
[2019.11.14-04.58.10:332][  0]LogMemory: Process Virtual Memory: 99.73 MB used, 99.73 MB peak
[2019.11.14-04.58.10:332][  0]LogMemory: Physical Memory: 5321.08 MB used,  6852.14 MB free, 12173.22 MB total
[2019.11.14-04.58.10:332][  0]LogMemory: Virtual Memory: 4651.48 MB used,  134213080.00 MB free, 134217728.00 MB total
[2019.11.14-04.58.10:353][  0]LogWindows: WindowsPlatformFeatures enabled
[2019.11.14-04.58.11:244][  0]LogInit: Using OS detected language (en-US).
[2019.11.14-04.58.11:244][  0]LogInit: Using OS detected locale (en-US).
[2019.11.14-04.58.11:245][  0]LogTextLocalizationManager: No specific localization for 'en-US' exists, so the 'en' localization will be used.
[2019.11.14-04.58.12:731][  0]LogInit: Setting process to per monitor DPI aware
[2019.11.14-04.58.13:448][  0]LogSlate: New Slate User Created.  User Index 0, Is Virtual User: 0
[2019.11.14-04.58.13:448][  0]LogSlate: Slate User Registered.  User Index 0, Is Virtual User: 0
[2019.11.14-04.58.20:902][  0]LogHMD: Failed to initialize OpenVR with code 110
[2019.11.14-04.58.20:902][  0]LogD3D11RHI: D3D11 adapters:
[2019.11.14-04.58.21:426][  0]LogD3D11RHI:    0. 'Intel(R) HD Graphics 620' (Feature Level 11_0)
[2019.11.14-04.58.21:426][  0]LogD3D11RHI:       128/0/6086 MB DedicatedVideo/DedicatedSystem/SharedSystem, Outputs:1, VendorId:0x8086
[2019.11.14-04.58.21:451][  0]LogD3D11RHI:    1. 'Microsoft Basic Render Driver' (Feature Level 11_0)
[2019.11.14-04.58.21:451][  0]LogD3D11RHI:       0/0/6086 MB DedicatedVideo/DedicatedSystem/SharedSystem, Outputs:0, VendorId:0x1414
[2019.11.14-04.58.21:451][  0]LogD3D11RHI: Chosen D3D11 Adapter: 0
[2019.11.14-04.58.21:469][  0]LogD3D11RHI: Creating new Direct3DDevice
[2019.11.14-04.58.21:469][  0]LogD3D11RHI:     GPU DeviceId: 0x5916 (for the marketing name, search the web for "GPU Device Id")
[2019.11.14-04.58.21:469][  0]LogWindows: EnumDisplayDevices:
[2019.11.14-04.58.21:470][  0]LogWindows:    0. 'Intel(R) HD Graphics 620' (P:1 D:1)
[2019.11.14-04.58.21:470][  0]LogWindows:    1. 'Intel(R) HD Graphics 620' (P:0 D:0)
[2019.11.14-04.58.21:470][  0]LogWindows:    2. 'Intel(R) HD Graphics 620' (P:0 D:0)
[2019.11.14-04.58.21:471][  0]LogWindows: DebugString: FoundDriverCount:3 
[2019.11.14-04.58.21:471][  0]LogD3D11RHI:     Adapter Name: Intel(R) HD Graphics 620
[2019.11.14-04.58.21:471][  0]LogD3D11RHI:   Driver Version: 23.20.16.4973 (internal:23.20.16.4973, unified:23.20.16.4973)
[2019.11.14-04.58.21:471][  0]LogD3D11RHI:      Driver Date: 2-28-2018
[2019.11.14-04.58.21:471][  0]LogRHI: Texture pool is 1523 MB (70% of 2176 MB)
[2019.11.14-04.58.21:730][  0]LogD3D11RHI: Async texture creation enabled
[2019.11.14-04.58.21:951][  0]LogD3D11RHI: GPU Timing Frequency: 12.000048 (Debug: 2 0)
[2019.11.14-04.58.24:719][  0]LogTemp: Display: Module 'AllDesktopTargetPlatform' loaded TargetPlatform 'AllDesktop'
[2019.11.14-04.58.24:772][  0]LogTemp: Display: Module 'MacClientTargetPlatform' loaded TargetPlatform 'MacClient'
[2019.11.14-04.58.24:787][  0]LogTemp: Display: Module 'MacNoEditorTargetPlatform' loaded TargetPlatform 'MacNoEditor'
[2019.11.14-04.58.24:799][  0]LogTemp: Display: Module 'MacServerTargetPlatform' loaded TargetPlatform 'MacServer'
[2019.11.14-04.58.24:824][  0]LogTemp: Display: Module 'MacTargetPlatform' loaded TargetPlatform 'Mac'
[2019.11.14-04.58.24:861][  0]LogTemp: Display: Module 'WindowsClientTargetPlatform' loaded TargetPlatform 'WindowsClient'
[2019.11.14-04.58.24:874][  0]LogTemp: Display: Module 'WindowsNoEditorTargetPlatform' loaded TargetPlatform 'WindowsNoEditor'
[2019.11.14-04.58.24:886][  0]LogTemp: Display: Module 'WindowsServerTargetPlatform' loaded TargetPlatform 'WindowsServer'
[2019.11.14-04.58.24:893][  0]LogTemp: Display: Module 'WindowsTargetPlatform' loaded TargetPlatform 'Windows'
[2019.11.14-04.58.25:034][  0]LogTemp: Display: Module 'AndroidTargetPlatform' loaded TargetPlatform 'Android'
[2019.11.14-04.58.25:034][  0]LogTemp: Display: Module 'AndroidTargetPlatform' loaded TargetPlatform 'Android_ASTC'
[2019.11.14-04.58.25:034][  0]LogTemp: Display: Module 'AndroidTargetPlatform' loaded TargetPlatform 'Android_ATC'
[2019.11.14-04.58.25:034][  0]LogTemp: Display: Module 'AndroidTargetPlatform' loaded TargetPlatform 'Android_DXT'
[2019.11.14-04.58.25:034][  0]LogTemp: Display: Module 'AndroidTargetPlatform' loaded TargetPlatform 'Android_ETC1'
[2019.11.14-04.58.25:034][  0]LogTemp: Display: Module 'AndroidTargetPlatform' loaded TargetPlatform 'Android_ETC1a'
[2019.11.14-04.58.25:034][  0]LogTemp: Display: Module 'AndroidTargetPlatform' loaded TargetPlatform 'Android_ETC2'
[2019.11.14-04.58.25:034][  0]LogTemp: Display: Module 'AndroidTargetPlatform' loaded TargetPlatform 'Android_PVRTC'
[2019.11.14-04.58.25:034][  0]LogTemp: Display: Module 'AndroidTargetPlatform' loaded TargetPlatform 'AndroidClient'
[2019.11.14-04.58.25:034][  0]LogTemp: Display: Module 'AndroidTargetPlatform' loaded TargetPlatform 'Android_ASTCClient'
[2019.11.14-04.58.25:034][  0]LogTemp: Display: Module 'AndroidTargetPlatform' loaded TargetPlatform 'Android_ATCClient'
[2019.11.14-04.58.25:034][  0]LogTemp: Display: Module 'AndroidTargetPlatform' loaded TargetPlatform 'Android_DXTClient'
[2019.11.14-04.58.25:034][  0]LogTemp: Display: Module 'AndroidTargetPlatform' loaded TargetPlatform 'Android_ETC1Client'
[2019.11.14-04.58.25:034][  0]LogTemp: Display: Module 'AndroidTargetPlatform' loaded TargetPlatform 'Android_ETC1aClient'
[2019.11.14-04.58.25:034][  0]LogTemp: Display: Module 'AndroidTargetPlatform' loaded TargetPlatform 'Android_ETC2Client'
[2019.11.14-04.58.25:034][  0]LogTemp: Display: Module 'AndroidTargetPlatform' loaded TargetPlatform 'Android_PVRTCClient'
[2019.11.14-04.58.25:034][  0]LogTemp: Display: Module 'AndroidTargetPlatform' loaded TargetPlatform 'Android_Multi'
[2019.11.14-04.58.25:034][  0]LogTemp: Display: Module 'AndroidTargetPlatform' loaded TargetPlatform 'Android_MultiClient'
[2019.11.14-04.58.25:073][  0]LogTemp: Display: Module 'HTML5TargetPlatform' loaded TargetPlatform 'HTML5'
[2019.11.14-04.58.25:187][  0]LogTemp: Display: Module 'IOSTargetPlatform' loaded TargetPlatform 'IOSClient'
[2019.11.14-04.58.25:187][  0]LogTemp: Display: Module 'IOSTargetPlatform' loaded TargetPlatform 'IOS'
[2019.11.14-04.58.25:210][  0]LogTemp: Display: Module 'TVOSTargetPlatform' loaded TargetPlatform 'TVOSClient'
[2019.11.14-04.58.25:210][  0]LogTemp: Display: Module 'TVOSTargetPlatform' loaded TargetPlatform 'TVOS'
[2019.11.14-04.58.25:230][  0]LogTemp: Display: Module 'LinuxClientTargetPlatform' loaded TargetPlatform 'LinuxClient'
[2019.11.14-04.58.25:241][  0]LogTemp: Display: Module 'LinuxNoEditorTargetPlatform' loaded TargetPlatform 'LinuxNoEditor'
[2019.11.14-04.58.25:251][  0]LogTemp: Display: Module 'LinuxServerTargetPlatform' loaded TargetPlatform 'LinuxServer'
[2019.11.14-04.58.25:281][  0]LogTemp: Display: Module 'LinuxTargetPlatform' loaded TargetPlatform 'Linux'
[2019.11.14-04.58.25:330][  0]LogTemp: Display: Module 'LuminTargetPlatform' loaded TargetPlatform 'Lumin'
[2019.11.14-04.58.25:330][  0]LogTemp: Display: Module 'LuminTargetPlatform' loaded TargetPlatform 'LuminClient'
[2019.11.14-04.58.25:330][  0]LogTargetPlatformManager: Display: Building Assets For Windows
[2019.11.14-04.58.25:482][  0]LogAudioDebug: Display: Lib vorbis DLL was dynamically loaded.
[2019.11.14-04.58.26:162][  0]LogShaderCompilers: Guid format shader working directory is -44 characters bigger than the processId version (../../../../../../Users/ALE/Documents/GAME 3 sem/GAME 1304 LEVEL DESIGN/Project4/ALE_TF2/Intermediate/Shaders/WorkingDirectory/1956/).
[2019.11.14-04.58.26:163][  0]LogShaderCompilers: Cleaned the shader compiler working directory 'C:/Users/ALE/AppData/Local/Temp/UnrealShaderWorkingDir/28660CE745F88B2E9438E0980CEC3964/'.
[2019.11.14-04.58.26:177][  0]LogXGEController: Cleaning working directory: C:/Users/ALE/AppData/Local/Temp/UnrealXGEWorkingDir/
[2019.11.14-04.58.26:177][  0]LogXGEController: Cannot use XGE Controller as Incredibuild is not installed on this machine.
[2019.11.14-04.58.26:178][  0]LogShaderCompilers: Cannot use XGE Shader Compiler as Incredibuild is not installed on this machine.
[2019.11.14-04.58.26:178][  0]LogShaderCompilers: Display: Using Local Shader Compiler.
[2019.11.14-04.58.33:068][  0]LogDerivedDataCache: Display: Max Cache Size: 512 MB
[2019.11.14-04.58.34:220][  0]LogDerivedDataCache: Loaded boot cache 1.08s 73MB C:/Users/ALE/AppData/Local/UnrealEngine/4.23/DerivedDataCache/Boot.ddc.
[2019.11.14-04.58.34:221][  0]LogDerivedDataCache: Display: Loaded Boot cache: C:/Users/ALE/AppData/Local/UnrealEngine/4.23/DerivedDataCache/Boot.ddc
[2019.11.14-04.58.34:221][  0]LogDerivedDataCache: FDerivedDataBackendGraph:  Pak pak cache file ../../../../../../Users/ALE/Documents/GAME 3 sem/GAME 1304 LEVEL DESIGN/Project4/ALE_TF2/DerivedDataCache/DDC.ddp not found, will not use a pak cache.
[2019.11.14-04.58.34:221][  0]LogDerivedDataCache: Unable to find inner node Pak for hierarchical cache Hierarchy.
[2019.11.14-04.58.34:221][  0]LogDerivedDataCache: FDerivedDataBackendGraph:  CompressedPak pak cache file ../../../../../../Users/ALE/Documents/GAME 3 sem/GAME 1304 LEVEL DESIGN/Project4/ALE_TF2/DerivedDataCache/Compressed.ddp not found, will not use a pak cache.
[2019.11.14-04.58.34:221][  0]LogDerivedDataCache: Unable to find inner node CompressedPak for hierarchical cache Hierarchy.
[2019.11.14-04.58.34:343][  0]LogDerivedDataCache: Display: Pak cache opened for reading ../../../Engine/DerivedDataCache/Compressed.ddp.
[2019.11.14-04.58.34:344][  0]LogDerivedDataCache: FDerivedDataBackendGraph:  EnterprisePak pak cache file ../../../Enterprise/DerivedDataCache/Compressed.ddp not found, will not use a pak cache.
[2019.11.14-04.58.34:344][  0]LogDerivedDataCache: Unable to find inner node EnterprisePak for hierarchical cache Hierarchy.
[2019.11.14-04.58.34:438][  0]LogDerivedDataCache: Using Local data cache path C:/Users/ALE/AppData/Local/UnrealEngine/Common/DerivedDataCache: Writable
[2019.11.14-04.58.34:438][  0]LogDerivedDataCache: Shared data cache path not found in *engine.ini, will not use an Shared cache.
[2019.11.14-04.58.34:438][  0]LogDerivedDataCache: Unable to find inner node Shared for hierarchical cache Hierarchy.
[2019.11.14-04.58.34:605][  0]LogMaterial: Verifying Global Shaders for PCD3D_SM5
[2019.11.14-04.58.34:702][  0]LogSlate: Using FreeType 2.6.0
[2019.11.14-04.58.34:776][  0]LogSlate: SlateFontServices - WITH_FREETYPE: 1, WITH_HARFBUZZ: 1
[2019.11.14-04.58.36:378][  0]LogAssetRegistry: FAssetRegistry took 0.0027 seconds to start up
[2019.11.14-04.58.40:889][  0]LogInit: Selected Device Profile: [Windows]
[2019.11.14-04.58.42:555][  0]LogMeshReduction: Using QuadricMeshReduction for automatic static mesh reduction
[2019.11.14-04.58.42:555][  0]LogMeshReduction: Using SimplygonMeshReduction for automatic skeletal mesh reduction
[2019.11.14-04.58.42:555][  0]LogMeshReduction: Using ProxyLODMeshReduction for automatic mesh merging
[2019.11.14-04.58.42:555][  0]LogMeshReduction: No distributed automatic mesh merging module available
[2019.11.14-04.58.42:566][  0]LogMeshMerging: No distributed automatic mesh merging module available
[2019.11.14-04.58.43:035][  0]LogNetVersion: ALE_TF2 1.0.0, NetCL: 8386587, EngineNetVer: 11, GameNetVer: 0 (Checksum: 2633002912)
[2019.11.14-04.58.48:893][  0]LogPackageLocalizationCache: Processed 12 localized package path(s) for 1 prioritized culture(s) in 0.185771 seconds
[2019.11.14-04.58.48:901][  0]LogUObjectArray: 43444 objects as part of root set at end of initial load.
[2019.11.14-04.58.48:901][  0]LogUObjectAllocator: 7548648 out of 0 bytes used by permanent object pool.
[2019.11.14-04.58.48:901][  0]LogUObjectArray: CloseDisregardForGC: 0/0 objects in disregard for GC pool
[2019.11.14-04.59.25:194][  0]LogTcpMessaging: Initializing TcpMessaging bridge
[2019.11.14-04.59.25:245][  0]LogUdpMessaging: Initializing bridge on interface 0.0.0.0:0 to multicast group 230.0.0.1:6666.
[2019.11.14-04.59.25:927][  0]SourceControl: Source control is disabled
[2019.11.14-04.59.25:962][  0]SourceControl: Source control is disabled
[2019.11.14-04.59.26:109][  0]SourceControl: Source control is disabled
[2019.11.14-04.59.26:272][  0]SourceControl: Source control is disabled
[2019.11.14-04.59.27:662][  0]LogAndroidPermission: UAndroidPermissionCallbackProxy::GetInstance
[2019.11.14-04.59.28:860][  0]LogOcInput: OculusInput pre-init called
[2019.11.14-04.59.28:901][  0]LogWindows: Failed to load 'OVRPlugin.dll' (GetLastError=126)
[2019.11.14-04.59.28:901][  0]LogWindows: File 'OVRPlugin.dll' does not exist
[2019.11.14-04.59.30:320][  0]LogEngine: Initializing Engine...
[2019.11.14-04.59.30:363][  0]LogHMD: Failed to initialize OpenVR with code 110
[2019.11.14-04.59.30:404][  0]LogStats: UGameplayTagsManager::InitializeManager -  0.018 s
[2019.11.14-04.59.32:382][  0]LogInit: Initializing FReadOnlyCVARCache
[2019.11.14-04.59.32:760][  0]LogAIModule: Creating AISystem for world Untitled
[2019.11.14-04.59.33:002][  0]LogInit: XAudio2 using 'Speaker/Headphone (Realtek High Definition Audio)' : 2 channels at 48 kHz using 32 bits per sample (channel mask 0x3)
[2019.11.14-04.59.33:060][  0]LogInit: FAudioDevice initialized.
[2019.11.14-04.59.33:060][  0]LogNetVersion: Set ProjectVersion to 1.0.0.0. Version Checksum will be recalculated on next use.
[2019.11.14-04.59.33:424][  0]LogDerivedDataCache: Saved boot cache 0.36s 89MB C:/Users/ALE/AppData/Local/UnrealEngine/4.23/DerivedDataCache/Boot.ddc.
[2019.11.14-04.59.33:436][  0]LogInit: Texture streaming: Enabled
[2019.11.14-04.59.33:729][  0]LogEngineSessionManager: EngineSessionManager initialized
[2019.11.14-04.59.33:968][  0]LogInit: Transaction tracking system initialized
[2019.11.14-04.59.35:304][  0]BlueprintLog: New page: Editor Load
[2019.11.14-04.59.37:623][  0]LocalizationService: Localization service is disabled
[2019.11.14-04.59.41:646][  0]LogFileCache: Scanning file cache for directory 'C:/Users/ALE/Documents/GAME 3 sem/GAME 1304 LEVEL DESIGN/Project4/ALE_TF2/Content/' took 0.01s
[2019.11.14-04.59.41:646][  0]LogCook: Display: Max memory allowance for cook 16384mb min free memory 0mb
[2019.11.14-04.59.41:646][  0]LogCook: Display: Mobile HDR setting 1
[2019.11.14-04.59.47:697][  0]SourceControl: Source control is disabled
[2019.11.14-04.59.47:698][  0]Cmd: MAP LOAD FILE="../../../../../../Users/ALE/Documents/GAME 3 sem/GAME 1304 LEVEL DESIGN/Project4/ALE_TF2/Content/FirstPersonBP/Maps/FirstPersonExampleMap.umap" TEMPLATE=0 SHOWPROGRESS=1 FEATURELEVEL=3
[2019.11.14-04.59.47:744][  0]LightingResults: New page: Lighting Build
[2019.11.14-04.59.47:776][  0]LogWorld: UWorld::CleanupWorld for Untitled, bSessionEnded=true, bCleanupResources=true
[2019.11.14-04.59.47:838][  0]MapCheck: New page: Map Check
[2019.11.14-04.59.47:838][  0]LightingResults: New page: Lighting Build
[2019.11.14-04.59.48:093][  0]LogUObjectHash: Compacting FUObjectHashTables data took   1.76ms
[2019.11.14-04.59.54:616][  0]LogAIModule: Creating AISystem for world FirstPersonExampleMap
[2019.11.14-04.59.55:141][  0]LogEditorServer: Finished looking for orphan Actors (0.000 secs)
[2019.11.14-04.59.55:210][  0]LogUObjectHash: Compacting FUObjectHashTables data took   2.94ms
[2019.11.14-04.59.55:210][  0]Cmd: MAP CHECKDEP NOCLEARLOG
[2019.11.14-04.59.55:262][  0]MapCheck: Map check complete: 0 Error(s), 0 Warning(s), took 51.689ms to complete.
[2019.11.14-04.59.55:262][  0]LogFileHelpers: Loading map 'FirstPersonExampleMap' took 7.564
[2019.11.14-04.59.56:334][  0]LogCollectionManager: Loaded 0 collections in 0.023497 seconds
[2019.11.14-04.59.56:498][  0]LogFileCache: Scanning file cache for directory 'C:/Users/ALE/Documents/GAME 3 sem/GAME 1304 LEVEL DESIGN/Project4/ALE_TF2/Saved/Collections/' took 0.00s
[2019.11.14-04.59.56:498][  0]LogFileCache: Scanning file cache for directory 'C:/Users/ALE/Documents/GAME 3 sem/GAME 1304 LEVEL DESIGN/Project4/ALE_TF2/Content/Developers/ALE/Collections/' took 0.00s
[2019.11.14-04.59.56:498][  0]LogFileCache: Scanning file cache for directory 'C:/Users/ALE/Documents/GAME 3 sem/GAME 1304 LEVEL DESIGN/Project4/ALE_TF2/Content/Collections/' took 0.00s
[2019.11.14-04.59.56:498][  0]LogCollectionManager: Rebuilt the GUID cache for 0 collections in 0.000002 seconds
[2019.11.14-04.59.56:510][  0]LogContentBrowser: Native class hierarchy populated in 0.0098 seconds. Added 2863 classes and 680 folders.
[2019.11.14-04.59.56:591][  0]LogContentBrowser: Native class hierarchy updated for 'WidgetCarousel' in 0.0004 seconds. Added 0 classes and 0 folders.
[2019.11.14-04.59.58:983][  0]LogContentBrowser: Native class hierarchy updated for 'AddContentDialog' in 0.0003 seconds. Added 0 classes and 0 folders.
[2019.11.14-04.59.59:754][  0]LogContentBrowser: Native class hierarchy updated for 'SceneOutliner' in 0.0008 seconds. Added 1 classes and 2 folders.
[2019.11.14-05.00.00:082][  0]LogSlate: Updating window title bar state: overlay mode, drag disabled, window buttons hidden, title bar hidden
[2019.11.14-05.00.00:113][  0]LogSlate: Updating window title bar state: overlay mode, drag disabled, window buttons hidden, title bar hidden
[2019.11.14-05.00.00:125][  0]LogSlate: Updating window title bar state: overlay mode, drag disabled, window buttons hidden, title bar hidden
[2019.11.14-05.00.00:135][  0]LogSlate: Updating window title bar state: overlay mode, drag disabled, window buttons hidden, title bar hidden
[2019.11.14-05.00.00:258][  0]LogSlate: Took 0.044680 seconds to synchronously load lazily loaded font '../../../Engine/Content/Slate/Fonts/Roboto-Regular.ttf' (155K)
[2019.11.14-05.00.00:293][  0]LogSlate: Took 0.019420 seconds to synchronously load lazily loaded font '../../../Engine/Content/Editor/Slate/Fonts/FontAwesome.ttf' (139K)
[2019.11.14-05.00.00:328][  0]LogSlate: Took 0.018289 seconds to synchronously load lazily loaded font '../../../Engine/Content/Slate/Fonts/Roboto-Bold.ttf' (160K)
[2019.11.14-05.00.00:740][  0]LogRenderer: Reallocating scene render targets to support 584x572 Format 10 NumSamples 1 (Frame:1).
[2019.11.14-05.00.01:224][  0]LogContentBrowser: Native class hierarchy updated for 'HierarchicalLODOutliner' in 0.0003 seconds. Added 0 classes and 0 folders.
[2019.11.14-05.00.01:224][  0]LogLoad: (Engine Initialization) Total time: 134.13 seconds
[2019.11.14-05.00.01:224][  0]LogLoad: (Engine Initialization) Total Blueprint compile time: 0.00 seconds
[2019.11.14-05.00.01:444][  0]LogContentStreaming: Texture pool size now 1000 MB
[2019.11.14-05.00.01:501][  0]LogSlate: Took 0.030926 seconds to synchronously load lazily loaded font '../../../Engine/Content/Slate/Fonts/Roboto-Light.ttf' (167K)
[2019.11.14-05.00.01:552][  0]LogRenderer: Reallocating scene render targets to support 584x588 Format 10 NumSamples 1 (Frame:2).
[2019.11.14-05.00.06:210][ 45]LogAssetRegistry: Asset discovery search completed in 89.8328 seconds
[2019.11.14-05.00.06:299][ 45]LogCollectionManager: Rebuilt the object cache for 0 collections in 0.000006 seconds (found 0 objects)
[2019.11.14-05.00.06:299][ 45]LogCollectionManager: Fixed up redirectors for 0 collections in 0.000087 seconds (updated 0 objects)
[2019.11.14-05.12.47:643][520]LogSlate: FSceneViewport::OnFocusLost() reason 0
[2019.11.14-05.12.55:783][754]LogSlate: Took 0.000376 seconds to synchronously load lazily loaded font '../../../Engine/Content/Slate/Fonts/Roboto-Light.ttf' (167K)
[2019.11.14-05.12.56:402][754]LogAIModule: Creating AISystem for world Nothingyet
[2019.11.14-05.12.56:521][754]LogAssetEditorManager: Opening Asset editor for World /Game/MAPS/Nothingyet.Nothingyet
[2019.11.14-05.12.56:561][754]LogUObjectHash: Compacting FUObjectHashTables data took   2.90ms
[2019.11.14-05.12.56:591][754]Cmd: MAP LOAD FILE="../../../../../../Users/ALE/Documents/GAME 3 sem/GAME 1304 LEVEL DESIGN/Project4/ALE_TF2/Content/MAPS/Nothingyet.umap" TEMPLATE=0 SHOWPROGRESS=1 FEATURELEVEL=3
[2019.11.14-05.12.56:591][754]LightingResults: New page: Lighting Build
[2019.11.14-05.12.56:592][754]LoadErrors: New page: Loading map: Nothingyet.umap
[2019.11.14-05.12.56:604][754]LogWorld: UWorld::CleanupWorld for FirstPersonExampleMap, bSessionEnded=true, bCleanupResources=true
[2019.11.14-05.12.56:610][754]MapCheck: New page: Map Check
[2019.11.14-05.12.56:610][754]LightingResults: New page: Lighting Build
[2019.11.14-05.12.56:782][754]LogUObjectHash: Compacting FUObjectHashTables data took   3.13ms
[2019.11.14-05.13.03:982][754]LogEditorServer: Finished looking for orphan Actors (0.000 secs)
[2019.11.14-05.13.04:031][754]LogUObjectHash: Compacting FUObjectHashTables data took   2.48ms
[2019.11.14-05.13.04:073][754]Cmd: MAP CHECKDEP NOCLEARLOG
[2019.11.14-05.13.04:073][754]MapCheck: Map check complete: 0 Error(s), 0 Warning(s), took 0.248ms to complete.
[2019.11.14-05.13.04:073][754]LogFileHelpers: Loading map 'Nothingyet' took 7.511
[2019.11.14-07.01.39:513][464]LogD3D11RHI: Timed out while waiting for GPU to catch up. (500 ms)
[2019.11.14-07.01.40:561][468]LogHttp: Warning: 0000023C5C46F380: invalid HTTP response code received. URL: https://datarouter.ol.epicgames.com/datarouter/api/v1/public/data?SessionID=%7B8E27F70E-4BAC-9F00-F59F-99B3F028A36A%7D&AppID=UEEditor.Rocket.Release&AppVersion=4.23.0-8386587%2B%2B%2BUE4%2BRelease-4.23&UserID=afa4845147fe7219c468f4b37360faaa%7C5f4cfe0f471d44219164a6275e6d76cb%7C6adc9a6b-9a80-4162-a0b4-66f5f40414f5&AppEnvironment=datacollector-binary&UploadType=eteventstream, HTTP code: 0, content length: -1, actual payload size: 0
[2019.11.14-07.01.40:561][468]LogHttp: Warning: 0000023C5C46F380: request failed, libcurl error: 56 (Failure when receiving data from the peer)
[2019.11.14-07.01.40:562][468]LogHttp: Warning: 0000023C5C46F380: libcurl info message cache 0 (Found bundle for host datarouter.ol.epicgames.com: 0x23c4268ff70 [can pipeline])
[2019.11.14-07.01.40:562][468]LogHttp: Warning: 0000023C5C46F380: libcurl info message cache 1 (Re-using existing connection! (#34) with host datarouter.ol.epicgames.com)
[2019.11.14-07.01.40:562][468]LogHttp: Warning: 0000023C5C46F380: libcurl info message cache 2 (Connected to datarouter.ol.epicgames.com (52.71.135.85) port 443 (#34))
[2019.11.14-07.01.40:562][468]LogHttp: Warning: 0000023C5C46F380: libcurl info message cache 3 (We are completely uploaded and fine)
[2019.11.14-07.01.40:562][468]LogHttp: Warning: 0000023C5C46F380: libcurl info message cache 4 (OpenSSL SSL_read: SSL_ERROR_SYSCALL, errno 10054)
[2019.11.14-07.01.40:562][468]LogHttp: Warning: 0000023C5C46F380: libcurl info message cache 5 (Connection died, retrying a fresh connect)
[2019.11.14-07.01.40:562][468]LogHttp: Warning: 0000023C5C46F380: libcurl info message cache 6 (necessary data rewind wasn't possible)
[2019.11.14-07.01.40:562][468]LogHttp: Warning: 0000023C5C46F380: libcurl info message cache 7 (Closing connection 34)
[2019.11.14-07.01.40:562][468]LogHttp: Warning: Retry exhausted on https://datarouter.ol.epicgames.com/datarouter/api/v1/public/data?SessionID=%7B8E27F70E-4BAC-9F00-F59F-99B3F028A36A%7D&AppID=UEEditor.Rocket.Release&AppVersion=4.23.0-8386587%2B%2B%2BUE4%2BRelease-4.23&UserID=afa4845147fe7219c468f4b37360faaa%7C5f4cfe0f471d44219164a6275e6d76cb%7C6adc9a6b-9a80-4162-a0b4-66f5f40414f5&AppEnvironment=datacollector-binary&UploadType=eteventstream
[2019.11.14-10.02.00:000][500]LogD3D11RHI: Timed out while waiting for GPU to catch up. (500 ms)
[2019.11.14-10.02.03:487][502]LogHttp: Warning: 0000023C5C46F380: invalid HTTP response code received. URL: https://datarouter.ol.epicgames.com/datarouter/api/v1/public/data?SessionID=%7B8E27F70E-4BAC-9F00-F59F-99B3F028A36A%7D&AppID=UEEditor.Rocket.Release&AppVersion=4.23.0-8386587%2B%2B%2BUE4%2BRelease-4.23&UserID=afa4845147fe7219c468f4b37360faaa%7C5f4cfe0f471d44219164a6275e6d76cb%7C6adc9a6b-9a80-4162-a0b4-66f5f40414f5&AppEnvironment=datacollector-binary&UploadType=eteventstream, HTTP code: 0, content length: -1, actual payload size: 0
[2019.11.14-10.02.03:487][502]LogHttp: Warning: 0000023C5C46F380: request failed, libcurl error: 6 (Couldn't resolve host name)
[2019.11.14-10.02.03:487][502]LogHttp: Warning: 0000023C5C46F380: libcurl info message cache 0 (Could not resolve host: datarouter.ol.epicgames.com)
[2019.11.14-10.02.03:487][502]LogHttp: Warning: 0000023C5C46F380: libcurl info message cache 1 (Closing connection 35)
[2019.11.14-10.02.03:488][502]LogHttp: Warning: Retry exhausted on https://datarouter.ol.epicgames.com/datarouter/api/v1/public/data?SessionID=%7B8E27F70E-4BAC-9F00-F59F-99B3F028A36A%7D&AppID=UEEditor.Rocket.Release&AppVersion=4.23.0-8386587%2B%2B%2BUE4%2BRelease-4.23&UserID=afa4845147fe7219c468f4b37360faaa%7C5f4cfe0f471d44219164a6275e6d76cb%7C6adc9a6b-9a80-4162-a0b4-66f5f40414f5&AppEnvironment=datacollector-binary&UploadType=eteventstream
[2019.11.14-17.42.52:063][540]LogD3D11RHI: Timed out while waiting for GPU to catch up. (500 ms)
[2019.11.14-17.42.52:064][540]LogD3D11RHI: Timed out while waiting for GPU to catch up. (500 ms)
[2019.11.14-17.42.52:564][542]LogD3D11RHI: Timed out while waiting for GPU to catch up. (500 ms)
[2019.11.14-17.42.52:564][542]LogHttp: Warning: 0000023C5C46F380: invalid HTTP response code received. URL: https://datarouter.ol.epicgames.com/datarouter/api/v1/public/data?SessionID=%7B8E27F70E-4BAC-9F00-F59F-99B3F028A36A%7D&AppID=UEEditor.Rocket.Release&AppVersion=4.23.0-8386587%2B%2B%2BUE4%2BRelease-4.23&UserID=afa4845147fe7219c468f4b37360faaa%7C5f4cfe0f471d44219164a6275e6d76cb%7C6adc9a6b-9a80-4162-a0b4-66f5f40414f5&AppEnvironment=datacollector-binary&UploadType=eteventstream, HTTP code: 0, content length: -1, actual payload size: 0
[2019.11.14-17.42.52:565][542]LogHttp: Warning: 0000023C5C46F380: request failed, libcurl error: 6 (Couldn't resolve host name)
[2019.11.14-17.42.52:565][542]LogHttp: Warning: 0000023C5C46F380: libcurl info message cache 0 (Could not resolve host: datarouter.ol.epicgames.com)
[2019.11.14-17.42.52:565][542]LogHttp: Warning: 0000023C5C46F380: libcurl info message cache 1 (Closing connection 36)
[2019.11.14-17.42.52:565][542]LogHttp: Warning: Retry exhausted on https://datarouter.ol.epicgames.com/datarouter/api/v1/public/data?SessionID=%7B8E27F70E-4BAC-9F00-F59F-99B3F028A36A%7D&AppID=UEEditor.Rocket.Release&AppVersion=4.23.0-8386587%2B%2B%2BUE4%2BRelease-4.23&UserID=afa4845147fe7219c468f4b37360faaa%7C5f4cfe0f471d44219164a6275e6d76cb%7C6adc9a6b-9a80-4162-a0b4-66f5f40414f5&AppEnvironment=datacollector-binary&UploadType=eteventstream
[2019.11.14-17.46.23:545][342]LogEditorViewport: Clicking on Actor (LMB): Landscape (Landscape)
[2019.11.14-17.46.34:221][424]LogSlate: FSceneViewport::OnFocusLost() reason 0
[2019.11.14-17.46.34:550][429]LogUObjectHash: Compacting FUObjectHashTables data took   9.25ms
[2019.11.14-17.46.35:128][429]LogSlate: Window 'ALE_TF2 - Unreal Editor' being destroyed
[2019.11.14-17.46.35:131][429]LogWindowsTextInputMethodSystem: Display: IME system now deactivated.
[2019.11.14-17.46.36:564][430]Cmd: QUIT_EDITOR
[2019.11.14-17.46.40:032][430]LogExit: Preparing to exit.
[2019.11.14-17.46.42:848][430]LogWorld: UWorld::CleanupWorld for World_0, bSessionEnded=true, bCleanupResources=true
[2019.11.14-17.46.42:887][430]LogWorld: UWorld::CleanupWorld for World_1, bSessionEnded=true, bCleanupResources=true
[2019.11.14-17.46.43:807][430]LogDemo: Cleaned up 0 splitscreen connections with owner deletion
[2019.11.14-17.46.44:470][430]LogWorld: UWorld::CleanupWorld for None, bSessionEnded=true, bCleanupResources=true
[2019.11.14-17.46.44:508][430]LogExit: Editor shut down
[2019.11.14-17.46.44:509][430]LogExit: Transaction tracking system shut down
[2019.11.14-17.46.54:348][430]LogExit: Object subsystem successfully closed.
[2019.11.14-17.46.54:975][430]LogShaderCompilers: Display: Shaders left to compile 0
[2019.11.14-17.46.57:563][430]LogModuleManager: Shutting down and abandoning module HierarchicalLODOutliner (668)
[2019.11.14-17.46.57:563][430]LogModuleManager: Shutting down and abandoning module SceneOutliner (666)
[2019.11.14-17.46.57:563][430]LogModuleManager: Shutting down and abandoning module AddContentDialog (664)
[2019.11.14-17.46.57:592][430]LogModuleManager: Shutting down and abandoning module WidgetCarousel (663)
[2019.11.14-17.46.57:592][430]LogModuleManager: Shutting down and abandoning module EditorWidgets (660)
[2019.11.14-17.46.57:592][430]LogModuleManager: Shutting down and abandoning module CollectionManager (658)
[2019.11.14-17.46.57:649][430]LogModuleManager: Shutting down and abandoning module StatsViewer (656)
[2019.11.14-17.46.57:771][430]LogModuleManager: Shutting down and abandoning module VirtualTexturingEditor (654)
[2019.11.14-17.46.57:771][430]LogModuleManager: Shutting down and abandoning module FoliageEdit (652)
[2019.11.14-17.46.57:789][430]LogModuleManager: Shutting down and abandoning module LandscapeEditor (650)
[2019.11.14-17.46.57:844][430]LogModuleManager: Shutting down and abandoning module MeshPaintMode (648)
[2019.11.14-17.46.57:844][430]LogModuleManager: Shutting down and abandoning module SceneDepthPickerMode (646)
[2019.11.14-17.46.57:844][430]LogModuleManager: Shutting down and abandoning module ActorPickerMode (644)
[2019.11.14-17.46.57:844][430]LogModuleManager: Shutting down and abandoning module GeometryMode (642)
[2019.11.14-17.46.57:946][430]LogModuleManager: Shutting down and abandoning module TextureAlignMode (640)
[2019.11.14-17.46.57:946][430]LogModuleManager: Shutting down and abandoning module BspMode (638)
[2019.11.14-17.46.57:946][430]LogModuleManager: Shutting down and abandoning module PIEPreviewDeviceProfileSelector (636)
[2019.11.14-17.46.57:948][430]LogModuleManager: Shutting down and abandoning module SequenceRecorderSections (634)
[2019.11.14-17.46.57:949][430]LogModuleManager: Shutting down and abandoning module AutomationWorker (632)
[2019.11.14-17.46.57:949][430]LogModuleManager: Shutting down and abandoning module OculusMR (630)
[2019.11.14-17.46.57:949][430]LogModuleManager: Shutting down and abandoning module AudioCaptureEditor (628)
[2019.11.14-17.46.57:953][430]LogModuleManager: Shutting down and abandoning module MatineeToLevelSequence (626)
[2019.11.14-17.46.57:977][430]LogModuleManager: Shutting down and abandoning module LevelSequenceEditor (624)
[2019.11.14-17.46.58:046][430]LogModuleManager: Shutting down and abandoning module PlacementMode (623)
[2019.11.14-17.46.58:046][430]LogModuleManager: Shutting down and abandoning module MaterialEditor (622)
[2019.11.14-17.46.58:114][430]LogModuleManager: Shutting down and abandoning module ActorSequenceEditor (618)
[2019.11.14-17.46.58:124][430]LogModuleManager: Shutting down and abandoning module WmfMediaFactory (616)
[2019.11.14-17.46.58:124][430]LogModuleManager: Shutting down and abandoning module WmfMediaEditor (614)
[2019.11.14-17.46.58:124][430]LogModuleManager: Shutting down and abandoning module WebMMediaFactory (612)
[2019.11.14-17.46.58:124][430]LogModuleManager: Shutting down and abandoning module WebMMediaEditor (610)
[2019.11.14-17.46.58:124][430]LogModuleManager: Shutting down and abandoning module WebMMedia (608)
[2019.11.14-17.46.58:154][430]LogModuleManager: Shutting down and abandoning module MediaPlayerEditor (606)
[2019.11.14-17.46.58:230][430]LogModuleManager: Shutting down and abandoning module MediaCompositingEditor (604)
[2019.11.14-17.46.58:292][430]LogModuleManager: Shutting down and abandoning module SequenceRecorder (603)
[2019.11.14-17.46.58:292][430]LogModuleManager: Shutting down and abandoning module OpenExrWrapper (600)
[2019.11.14-17.46.58:292][430]LogModuleManager: Shutting down and abandoning module ImgMediaFactory (598)
[2019.11.14-17.46.58:292][430]LogModuleManager: Shutting down and abandoning module ImgMediaEditor (596)
[2019.11.14-17.46.58:292][430]LogModuleManager: Shutting down and abandoning module AvfMediaFactory (594)
[2019.11.14-17.46.58:292][430]LogModuleManager: Shutting down and abandoning module AvfMediaEditor (592)
[2019.11.14-17.46.58:292][430]LogModuleManager: Shutting down and abandoning module AndroidMediaFactory (590)
[2019.11.14-17.46.58:292][430]LogModuleManager: Shutting down and abandoning module AndroidMediaEditor (588)
[2019.11.14-17.46.58:292][430]LogModuleManager: Shutting down and abandoning module MagicLeapCameraPreviewFactory (586)
[2019.11.14-17.46.58:292][430]LogModuleManager: Shutting down and abandoning module MagicLeapMediaCodecFactory (584)
[2019.11.14-17.46.58:292][430]LogModuleManager: Shutting down and abandoning module MagicLeapMediaFactory (582)
[2019.11.14-17.46.58:292][430]LogModuleManager: Shutting down and abandoning module MagicLeapMediaEditor (580)
[2019.11.14-17.46.58:292][430]LogModuleManager: Shutting down and abandoning module CharacterAI (578)
[2019.11.14-17.46.58:292][430]LogModuleManager: Shutting down and abandoning module SmartSnapping (576)
[2019.11.14-17.46.58:292][430]LogModuleManager: Shutting down and abandoning module SessionServices (574)
[2019.11.14-17.46.58:292][430]LogModuleManager: Shutting down and abandoning module MeshPaint (572)
[2019.11.14-17.46.58:312][430]LogModuleManager: Shutting down and abandoning module ViewportSnapping (570)
[2019.11.14-17.46.58:313][430]LogModuleManager: Shutting down and abandoning module ViewportInteraction (568)
[2019.11.14-17.46.58:313][430]LogModuleManager: Shutting down and abandoning module ClothPainter (566)
[2019.11.14-17.46.58:358][430]LogModuleManager: Shutting down and abandoning module SkeletalMeshEditor (565)
[2019.11.14-17.46.58:553][430]LogModuleManager: Shutting down and abandoning module LogVisualizer (562)
[2019.11.14-17.46.58:595][430]LogModuleManager: Shutting down and abandoning module IntroTutorials (560)
[2019.11.14-17.46.58:612][430]LogModuleManager: Shutting down and abandoning module GameProjectGeneration (559)
[2019.11.14-17.46.58:662][430]LogModuleManager: Shutting down and abandoning module LuminPlatformEditor (556)
[2019.11.14-17.46.58:662][430]LogModuleManager: Shutting down and abandoning module IOSPlatformEditor (554)
[2019.11.14-17.46.58:690][430]LogModuleManager: Shutting down and abandoning module HTML5PlatformEditor (552)
[2019.11.14-17.46.58:690][430]LogModuleManager: Shutting down and abandoning module AndroidPlatformEditor (550)
[2019.11.14-17.46.58:710][430]LogModuleManager: Shutting down and abandoning module AndroidDeviceDetection (549)
[2019.11.14-17.46.59:528][430]LogModuleManager: Shutting down and abandoning module WindowsPlatformEditor (546)
[2019.11.14-17.46.59:528][430]LogModuleManager: Shutting down and abandoning module LuminRuntimeSettings (544)
[2019.11.14-17.46.59:528][430]LogModuleManager: Shutting down and abandoning module IOSRuntimeSettings (542)
[2019.11.14-17.46.59:528][430]LogModuleManager: Shutting down and abandoning module AndroidRuntimeSettings (540)
[2019.11.14-17.46.59:528][430]LogModuleManager: Shutting down and abandoning module TimeManagementEditor (538)
[2019.11.14-17.46.59:528][430]LogModuleManager: Shutting down and abandoning module InputBindingEditor (536)
[2019.11.14-17.46.59:544][430]LogModuleManager: Shutting down and abandoning module MergeActors (534)
[2019.11.14-17.46.59:566][430]LogModuleManager: Shutting down and abandoning module LocalizationDashboard (532)
[2019.11.14-17.46.59:583][430]LogModuleManager: Shutting down and abandoning module LocalizationService (531)
[2019.11.14-17.46.59:594][430]LogModuleManager: Shutting down and abandoning module HardwareTargeting (528)
[2019.11.14-17.46.59:594][430]LogModuleManager: Shutting down and abandoning module DeviceProfileEditor (526)
[2019.11.14-17.46.59:607][430]LogModuleManager: Shutting down and abandoning module UndoHistory (524)
[2019.11.14-17.46.59:610][430]LogModuleManager: Shutting down and abandoning module XmlParser (522)
[2019.11.14-17.46.59:640][430]LogModuleManager: Shutting down and abandoning module Blutility (520)
[2019.11.14-17.46.59:733][430]LogModuleManager: Shutting down and abandoning module ProjectSettingsViewer (518)
[2019.11.14-17.46.59:734][430]LogModuleManager: Shutting down and abandoning module ProjectTargetPlatformEditor (517)
[2019.11.14-17.46.59:743][430]LogModuleManager: Shutting down and abandoning module EditorSettingsViewer (514)
[2019.11.14-17.46.59:743][430]LogModuleManager: Shutting down and abandoning module SettingsEditor (512)
[2019.11.14-17.46.59:811][430]LogModuleManager: Shutting down and abandoning module ProjectLauncher (510)
[2019.11.14-17.46.59:829][430]LogModuleManager: Shutting down and abandoning module SessionFrontend (508)
[2019.11.14-17.46.59:833][430]LogModuleManager: Shutting down and abandoning module ProfilerClient (506)
[2019.11.14-17.46.59:853][430]LogModuleManager: Shutting down and abandoning module DeviceManager (504)
[2019.11.14-17.46.59:873][430]LogModuleManager: Shutting down and abandoning module TargetDeviceServices (503)
[2019.11.14-17.46.59:929][430]LogModuleManager: Shutting down and abandoning module AutomationController (500)
[2019.11.14-17.47.00:017][430]LogModuleManager: Shutting down and abandoning module AutomationWindow (498)
[2019.11.14-17.47.00:045][430]LogModuleManager: Shutting down and abandoning module Layers (496)
[2019.11.14-17.47.00:123][430]LogModuleManager: Shutting down and abandoning module ComponentVisualizers (494)
[2019.11.14-17.47.00:123][430]LogModuleManager: Shutting down and abandoning module DetailCustomizations (492)
[2019.11.14-17.47.00:145][430]LogModuleManager: Shutting down and abandoning module PackagesDialog (490)
[2019.11.14-17.47.00:237][430]LogModuleManager: Shutting down and abandoning module AnimationBlueprintEditor (488)
[2019.11.14-17.47.00:285][430]LogModuleManager: Shutting down and abandoning module Persona (486)
[2019.11.14-17.47.00:319][430]LogModuleManager: Shutting down and abandoning module AdvancedPreviewScene (485)
[2019.11.14-17.47.00:319][430]LogModuleManager: Shutting down and abandoning module AnimGraph (483)
[2019.11.14-17.47.00:319][430]LogModuleManager: Shutting down and abandoning module Kismet (480)
[2019.11.14-17.47.00:522][430]LogModuleManager: Shutting down and abandoning module KismetWidgets (479)
[2019.11.14-17.47.00:533][430]LogModuleManager: Shutting down and abandoning module GraphEditor (476)
[2019.11.14-17.47.00:601][430]LogModuleManager: Shutting down and abandoning module StructViewer (474)
[2019.11.14-17.47.00:601][430]LogModuleManager: Shutting down and abandoning module ClassViewer (472)
[2019.11.14-17.47.00:601][430]LogModuleManager: Shutting down and abandoning module Toolbox (470)
[2019.11.14-17.47.00:601][430]LogModuleManager: Shutting down and abandoning module ModuleUI (468)
[2019.11.14-17.47.00:620][430]LogModuleManager: Shutting down and abandoning module MovieSceneTools (466)
[2019.11.14-17.47.00:666][430]LogModuleManager: Shutting down and abandoning module OutputLog (464)
[2019.11.14-17.47.00:669][430]LogModuleManager: Shutting down and abandoning module GammaUI (462)
[2019.11.14-17.47.00:674][430]LogModuleManager: Shutting down and abandoning module Documentation (460)
[2019.11.14-17.47.00:675][430]LogModuleManager: Shutting down and abandoning module LiveCoding (458)
[2019.11.14-17.47.00:722][430]LogModuleManager: Shutting down and abandoning module LevelSequence (456)
[2019.11.14-17.47.00:723][430]LogModuleManager: Shutting down and abandoning module MovieSceneTracks (454)
[2019.11.14-17.47.00:723][430]LogModuleManager: Shutting down and abandoning module MovieScene (452)
[2019.11.14-17.47.00:740][430]LogModuleManager: Shutting down and abandoning module StreamingPauseRendering (450)
[2019.11.14-17.47.00:754][430]LogModuleManager: Shutting down and abandoning module LauncherPlatform (448)
[2019.11.14-17.47.00:754][430]LogModuleManager: Shutting down and abandoning module AnalyticsET (446)
[2019.11.14-17.47.00:754][430]LogModuleManager: Shutting down and abandoning module PortalServices (444)
[2019.11.14-17.47.00:754][430]LogModuleManager: Shutting down and abandoning module PortalRpc (442)
[2019.11.14-17.47.00:754][430]LogModuleManager: Shutting down and abandoning module MessagingRpc (440)
[2019.11.14-17.47.00:754][430]LogModuleManager: Shutting down and abandoning module AIModule (438)
[2019.11.14-17.47.00:775][430]LogModuleManager: Shutting down and abandoning module GameplayDebugger (437)
[2019.11.14-17.47.00:779][430]LogModuleManager: Shutting down and abandoning module AITestSuite (435)
[2019.11.14-17.47.00:779][430]LogModuleManager: Shutting down and abandoning module NavigationSystem (433)
[2019.11.14-17.47.00:779][430]LogModuleManager: Shutting down and abandoning module DesktopPlatform (430)
[2019.11.14-17.47.00:779][430]LogModuleManager: Shutting down and abandoning module ImageWriteQueue (428)
[2019.11.14-17.47.00:791][430]LogModuleManager: Shutting down and abandoning module ProfilerService (426)
[2019.11.14-17.47.01:006][430]LogModuleManager: Shutting down and abandoning module TaskGraph (424)
[2019.11.14-17.47.01:045][430]LogModuleManager: Shutting down and abandoning module ScreenshotTools (422)
[2019.11.14-17.47.01:045][430]LogModuleManager: Shutting down and abandoning module SteamVRController (420)
[2019.11.14-17.47.01:045][430]LogModuleManager: Shutting down and abandoning module ProceduralMeshComponentEditor (418)
[2019.11.14-17.47.01:045][430]LogModuleManager: Shutting down and abandoning module ProceduralMeshComponent (416)
[2019.11.14-17.47.01:121][430]LogModuleManager: Shutting down and abandoning module OculusEditor (414)
[2019.11.14-17.47.01:121][430]LogModuleManager: Shutting down and abandoning module OculusInput (412)
[2019.11.14-17.47.01:121][430]LogModuleManager: Shutting down and abandoning module MobilePatchingUtils (410)
[2019.11.14-17.47.01:121][430]LogModuleManager: Shutting down and abandoning module EditableMesh (408)
[2019.11.14-17.47.01:141][430]LogModuleManager: Shutting down and abandoning module CustomMeshComponent (406)
[2019.11.14-17.47.01:141][430]LogModuleManager: Shutting down and abandoning module CableComponent (404)
[2019.11.14-17.47.01:141][430]LogModuleManager: Shutting down and abandoning module AudioCapture (402)
[2019.11.14-17.47.01:141][430]LogModuleManager: Shutting down and abandoning module ArchVisCharacter (400)
[2019.11.14-17.47.01:141][430]LogModuleManager: Shutting down and abandoning module AppleImageUtilsBlueprintSupport (398)
[2019.11.14-17.47.01:141][430]LogModuleManager: Shutting down and abandoning module AppleImageUtils (396)
[2019.11.14-17.47.01:141][430]LogModuleManager: Shutting down and abandoning module AndroidPermission (394)
[2019.11.14-17.47.01:141][430]LogModuleManager: Shutting down and abandoning module NUTUnrealEngine4 (392)
[2019.11.14-17.47.01:165][430]LogModuleManager: Shutting down and abandoning module NetcodeUnitTest (390)
[2019.11.14-17.47.01:191][430]LogModuleManager: Shutting down and abandoning module MediaCompositing (388)
[2019.11.14-17.47.01:191][430]LogModuleManager: Shutting down and abandoning module ImgMedia (386)
[2019.11.14-17.47.01:203][430]LogModuleManager: Shutting down and abandoning module MagicLeapHelperVulkan (384)
[2019.11.14-17.47.01:203][430]LogModuleManager: Shutting down and abandoning module MagicLeapHelperOpenGL (382)
[2019.11.14-17.47.01:203][430]LogModuleManager: Shutting down and abandoning module MagicLeapAudio (380)
[2019.11.14-17.47.01:260][430]LogModuleManager: Shutting down and abandoning module HTML5Networking (378)
[2019.11.14-17.47.01:260][430]LogModuleManager: Shutting down and abandoning module GeometryCacheTracks (376)
[2019.11.14-17.47.01:260][430]LogModuleManager: Shutting down and abandoning module GeometryCacheSequencer (374)
[2019.11.14-17.47.01:260][430]LogModuleManager: Shutting down and abandoning module BackChannel (372)
[2019.11.14-17.47.01:271][430]LogModuleManager: Shutting down and abandoning module AutomationUtilsEditor (370)
[2019.11.14-17.47.01:271][430]LogModuleManager: Shutting down and abandoning module AutomationUtils (368)
[2019.11.14-17.47.01:271][430]LogModuleManager: Shutting down and abandoning module AlembicImporter (366)
[2019.11.14-17.47.01:288][430]LogModuleManager: Shutting down and abandoning module AlembicLibrary (365)
[2019.11.14-17.47.01:313][430]LogModuleManager: Shutting down and abandoning module GeometryCache (364)
[2019.11.14-17.47.01:313][430]LogModuleManager: Shutting down and abandoning module GeometryCacheEd (363)
[2019.11.14-17.47.01:313][430]LogModuleManager: Shutting down and abandoning module VariantManagerContent (358)
[2019.11.14-17.47.01:313][430]LogModuleManager: Shutting down and abandoning module DatasmithContentEditor (356)
[2019.11.14-17.47.01:332][430]LogModuleManager: Shutting down and abandoning module SpeedTreeImporter (354)
[2019.11.14-17.47.01:332][430]LogModuleManager: Shutting down and abandoning module PluginBrowser (352)
[2019.11.14-17.47.01:367][430]LogModuleManager: Shutting down and abandoning module MobileLauncherProfileWizard (350)
[2019.11.14-17.47.01:376][430]LogModuleManager: Shutting down and abandoning module MaterialAnalyzer (348)
[2019.11.14-17.47.01:391][430]LogModuleManager: Shutting down and abandoning module CurveEditorTools (346)
[2019.11.14-17.47.01:402][430]LogModuleManager: Shutting down and abandoning module CurveEditor (345)
[2019.11.14-17.47.01:440][430]LogModuleManager: Shutting down and abandoning module CryptoKeysOpenSSL (342)
[2019.11.14-17.47.01:440][430]LogModuleManager: Shutting down and abandoning module CryptoKeys (340)
[2019.11.14-17.47.01:440][430]LogModuleManager: Shutting down and abandoning module VisualStudioSourceCodeAccess (338)
[2019.11.14-17.47.01:446][430]LogModuleManager: Shutting down and abandoning module VisualStudioCodeSourceCodeAccess (336)
[2019.11.14-17.47.01:446][430]LogModuleManager: Shutting down and abandoning module UObjectPlugin (334)
[2019.11.14-17.47.01:447][430]LogModuleManager: Shutting down and abandoning module SubversionSourceControl (332)
[2019.11.14-17.47.01:529][430]LogModuleManager: Shutting down and abandoning module PerforceSourceControl (330)
[2019.11.14-17.47.01:563][430]LogModuleManager: Shutting down and abandoning module GitSourceControl (328)
[2019.11.14-17.47.01:598][430]LogModuleManager: Shutting down and abandoning module SourceControl (327)
[2019.11.14-17.47.01:598][430]LogModuleManager: Shutting down and abandoning module CLionSourceCodeAccess (324)
[2019.11.14-17.47.01:598][430]LogModuleManager: Shutting down and abandoning module AnimationSharingEd (322)
[2019.11.14-17.47.01:598][430]LogModuleManager: Shutting down and abandoning module ActorLayerUtilitiesEditor (320)
[2019.11.14-17.47.01:600][430]LogModuleManager: Shutting down and abandoning module ActorLayerUtilities (318)
[2019.11.14-17.47.01:601][430]LogModuleManager: Shutting down and abandoning module LightPropagationVolumeEditor (316)
[2019.11.14-17.47.01:601][430]LogModuleManager: Shutting down and abandoning module PaperTiledImporter (314)
[2019.11.14-17.47.01:601][430]LogModuleManager: Shutting down and abandoning module PaperSpriteSheetImporter (312)
[2019.11.14-17.47.01:601][430]LogModuleManager: Shutting down and abandoning module Paper2DEditor (310)
[2019.11.14-17.47.01:645][430]LogModuleManager: Shutting down and abandoning module SignificanceManager (308)
[2019.11.14-17.47.01:645][430]LogModuleManager: Shutting down and abandoning module RuntimePhysXCooking (306)
[2019.11.14-17.47.01:645][430]LogModuleManager: Shutting down and abandoning module PhysXVehiclesEditor (304)
[2019.11.14-17.47.01:645][430]LogModuleManager: Shutting down and abandoning module LocationServicesBPLibrary (300)
[2019.11.14-17.47.01:645][430]LogModuleManager: Shutting down and abandoning module ActorSequence (298)
[2019.11.14-17.47.01:645][430]LogModuleManager: Shutting down and abandoning module UdpMessaging (296)
[2019.11.14-17.47.01:747][430]LogModuleManager: Shutting down and abandoning module TcpMessaging (294)
[2019.11.14-17.47.01:905][430]LogModuleManager: Shutting down and abandoning module MagicLeapIdentity (292)
[2019.11.14-17.47.01:905][430]LogModuleManager: Shutting down and abandoning module MagicLeapSecureStorage (290)
[2019.11.14-17.47.01:905][430]LogModuleManager: Shutting down and abandoning module MagicLeapHandTracking (288)
[2019.11.14-17.47.01:913][430]LogModuleManager: Shutting down and abandoning module MagicLeapEyeTracker (286)
[2019.11.14-17.47.01:913][430]LogModuleManager: Shutting down and abandoning module MagicLeapController (284)
[2019.11.14-17.47.01:945][430]LogSlate: Slate User Destroyed.  User Index 0, Is Virtual User: 0
[2019.11.14-17.47.01:945][430]LogModuleManager: Shutting down and abandoning module MagicLeapAR (282)
[2019.11.14-17.47.01:945][430]LogModuleManager: Shutting down and abandoning module AugmentedReality (281)
[2019.11.14-17.47.01:945][430]LogModuleManager: Shutting down and abandoning module GameplayTagsEditor (278)
[2019.11.14-17.47.01:966][430]LogModuleManager: Shutting down and abandoning module FacialAnimationEditor (276)
[2019.11.14-17.47.01:966][430]LogModuleManager: Shutting down and abandoning module FacialAnimation (274)
[2019.11.14-17.47.01:967][430]LogModuleManager: Shutting down and abandoning module DataValidation (272)
[2019.11.14-17.47.01:967][430]LogModuleManager: Shutting down and abandoning module AssetManagerEditor (270)
[2019.11.14-17.47.01:987][430]LogModuleManager: Shutting down and abandoning module LevelEditor (269)
[2019.11.14-17.47.02:099][430]LogModuleManager: Shutting down and abandoning module PixelInspectorModule (268)
[2019.11.14-17.47.02:115][430]LogModuleManager: Shutting down and abandoning module CommonMenuExtensions (266)
[2019.11.14-17.47.02:116][430]LogModuleManager: Shutting down and abandoning module MainFrame (264)
[2019.11.14-17.47.02:116][430]LogModuleManager: Shutting down and abandoning module HotReload (263)
[2019.11.14-17.47.02:159][430]LogModuleManager: Shutting down and abandoning module ContentBrowser (259)
[2019.11.14-17.47.02:164][430]LogModuleManager: Shutting down and abandoning module TreeMap (257)
[2019.11.14-17.47.02:175][430]LogModuleManager: Shutting down and abandoning module AnimationSharing (254)
[2019.11.14-17.47.02:175][430]LogModuleManager: Shutting down and abandoning module LightPropagationVolumeRuntime (252)
[2019.11.14-17.47.02:175][430]LogModuleManager: Shutting down and abandoning module Paper2D (250)
[2019.11.14-17.47.02:175][430]LogModuleManager: Shutting down and abandoning module WindowsMoviePlayer (248)
[2019.11.14-17.47.02:190][430]LogModuleManager: Shutting down and abandoning module WebMMoviePlayer (246)
[2019.11.14-17.47.02:270][430]LogModuleManager: Shutting down and abandoning module NetworkReplayStreaming (244)
[2019.11.14-17.47.02:271][430]LogModuleManager: Shutting down and abandoning module PacketHandler (242)
[2019.11.14-17.47.02:271][430]LogModuleManager: Shutting down and abandoning module ClothingSystemEditor (240)
[2019.11.14-17.47.02:271][430]LogModuleManager: Shutting down and abandoning module ClothingSystemRuntime (238)
[2019.11.14-17.47.02:321][430]LogModuleManager: Shutting down and abandoning module MediaAssets (236)
[2019.11.14-17.47.02:321][430]LogModuleManager: Shutting down and abandoning module Overlay (234)
[2019.11.14-17.47.02:321][430]LogModuleManager: Shutting down and abandoning module OverlayEditor (233)
[2019.11.14-17.47.02:321][430]LogModuleManager: Shutting down and abandoning module VREditor (230)
[2019.11.14-17.47.02:389][430]LogModuleManager: Shutting down and abandoning module StringTableEditor (228)
[2019.11.14-17.47.02:406][430]LogModuleManager: Shutting down and abandoning module GameplayTasksEditor (226)
[2019.11.14-17.47.02:406][430]LogModuleManager: Shutting down and abandoning module BehaviorTreeEditor (224)
[2019.11.14-17.47.02:470][430]LogModuleManager: Shutting down and abandoning module FunctionalTesting (222)
[2019.11.14-17.47.02:484][430]LogModuleManager: Shutting down and abandoning module CollisionAnalyzer (220)
[2019.11.14-17.47.02:512][430]LogModuleManager: Shutting down and abandoning module WorkspaceMenuStructure (219)
[2019.11.14-17.47.02:604][430]LogModuleManager: Shutting down and abandoning module UMG (216)
[2019.11.14-17.47.02:604][430]LogModuleManager: Shutting down and abandoning module UMGEditor (215)
[2019.11.14-17.47.02:695][430]LogModuleManager: Shutting down and abandoning module Sequencer (214)
[2019.11.14-17.47.02:788][430]LogModuleManager: Shutting down and abandoning module MessageLog (211)
[2019.11.14-17.47.02:788][430]LogModuleManager: Shutting down and abandoning module SlateReflector (206)
[2019.11.14-17.47.02:863][430]LogModuleManager: Shutting down and abandoning module Slate (204)
[2019.11.14-17.47.02:863][430]LogModuleManager: Shutting down and abandoning module LandscapeEditorUtilities (202)
[2019.11.14-17.47.02:863][430]LogModuleManager: Shutting down and abandoning module EditorStyle (200)
[2019.11.14-17.47.02:884][430]LogModuleManager: Shutting down and abandoning module UnrealEd (198)
[2019.11.14-17.47.02:884][430]LogModuleManager: Shutting down and abandoning module MRMesh (196)
[2019.11.14-17.47.02:884][430]LogModuleManager: Shutting down and abandoning module SourceCodeAccess (194)
[2019.11.14-17.47.02:884][430]LogModuleManager: Shutting down and abandoning module HeadMountedDisplay (192)
[2019.11.14-17.47.02:884][430]LogModuleManager: Shutting down and abandoning module XAudio2 (190)
[2019.11.14-17.47.02:884][430]LogModuleManager: Shutting down and abandoning module Networking (188)
[2019.11.14-17.47.02:884][430]LogModuleManager: Shutting down and abandoning module Core (186)
[2019.11.14-17.47.02:884][430]LogModuleManager: Shutting down and abandoning module KismetCompiler (184)
[2019.11.14-17.47.02:884][430]LogModuleManager: Shutting down and abandoning module MeshUtilities (182)
[2019.11.14-17.47.02:912][430]LogModuleManager: Shutting down and abandoning module MeshMergeUtilities (181)
[2019.11.14-17.47.02:967][430]LogModuleManager: Shutting down and abandoning module MeshReductionInterface (180)
[2019.11.14-17.47.02:967][430]LogModuleManager: Shutting down and abandoning module SkeletalMeshReduction (179)
[2019.11.14-17.47.02:982][430]LogModuleManager: Shutting down and abandoning module ProxyLODMeshReduction (177)
[2019.11.14-17.47.03:089][430]LogModuleManager: Shutting down and abandoning module QuadricMeshReduction (175)
[2019.11.14-17.47.03:102][430]LogModuleManager: Shutting down and abandoning module MaterialBaking (171)
[2019.11.14-17.47.03:124][430]LogModuleManager: Shutting down and abandoning module NullInstallBundleManager (166)
[2019.11.14-17.47.03:124][430]LogModuleManager: Shutting down and abandoning module DerivedDataCache (164)
[2019.11.14-17.47.03:125][430]LogDerivedDataCache: Shutdown
[2019.11.14-17.47.03:125][430]LogModuleManager: Shutting down and abandoning module XGEController (162)
[2019.11.14-17.47.03:125][430]LogXGEController: Cleaning working directory: C:/Users/ALE/AppData/Local/Temp/UnrealXGEWorkingDir/
[2019.11.14-17.47.03:146][430]LogModuleManager: Shutting down and abandoning module TargetPlatform (160)
[2019.11.14-17.47.03:146][430]LogModuleManager: Shutting down and abandoning module VulkanShaderFormat (159)
[2019.11.14-17.47.03:165][430]LogModuleManager: Shutting down and abandoning module ShaderFormatVectorVM (157)
[2019.11.14-17.47.03:169][430]LogModuleManager: Shutting down and abandoning module ShaderFormatOpenGL (155)
[2019.11.14-17.47.03:173][430]LogModuleManager: Shutting down and abandoning module ShaderFormatD3D (153)
[2019.11.14-17.47.03:181][430]LogModuleManager: Shutting down and abandoning module MetalShaderFormat (151)
[2019.11.14-17.47.03:236][430]LogModuleManager: Shutting down and abandoning module TextureFormatUncompressed (149)
[2019.11.14-17.47.03:236][430]LogModuleManager: Shutting down and abandoning module TextureFormatPVR (147)
[2019.11.14-17.47.03:236][430]LogModuleManager: Shutting down and abandoning module TextureFormatDXT (145)
[2019.11.14-17.47.03:256][430]LogModuleManager: Shutting down and abandoning module TextureFormatIntelISPCTexComp (143)
[2019.11.14-17.47.03:257][430]LogModuleManager: Shutting down and abandoning module TextureFormatASTC (141)
[2019.11.14-17.47.03:257][430]LogModuleManager: Shutting down and abandoning module ImageWrapper (140)
[2019.11.14-17.47.03:257][430]LogModuleManager: Shutting down and abandoning module TextureFormatAndroid (137)
[2019.11.14-17.47.03:257][430]LogModuleManager: Shutting down and abandoning module AudioFormatOpus (135)
[2019.11.14-17.47.03:271][430]LogModuleManager: Shutting down and abandoning module AudioFormatOgg (133)
[2019.11.14-17.47.03:271][430]LogModuleManager: Shutting down and abandoning module AudioFormatADPCM (131)
[2019.11.14-17.47.03:271][430]LogModuleManager: Shutting down and abandoning module LuminTargetPlatform (129)
[2019.11.14-17.47.04:766][430]LogModuleManager: Shutting down and abandoning module LinuxTargetPlatform (127)
[2019.11.14-17.47.04:766][430]LogModuleManager: Shutting down and abandoning module LinuxServerTargetPlatform (125)
[2019.11.14-17.47.04:799][430]LogModuleManager: Shutting down and abandoning module LinuxNoEditorTargetPlatform (123)
[2019.11.14-17.47.04:809][430]LogModuleManager: Shutting down and abandoning module LinuxClientTargetPlatform (121)
[2019.11.14-17.47.04:830][430]LogModuleManager: Shutting down and abandoning module TVOSTargetPlatform (119)
[2019.11.14-17.47.04:949][430]LogModuleManager: Shutting down and abandoning module Messaging (117)
[2019.11.14-17.47.04:949][430]LogModuleManager: Shutting down and abandoning module IOSTargetPlatform (115)
[2019.11.14-17.47.05:050][430]LogModuleManager: Shutting down and abandoning module HTML5TargetPlatform (113)
[2019.11.14-17.47.05:050][430]LogModuleManager: Shutting down and abandoning module AndroidTargetPlatform (111)
[2019.11.14-17.47.06:841][430]LogModuleManager: Shutting down and abandoning module WindowsTargetPlatform (109)
[2019.11.14-17.47.06:842][430]LogModuleManager: Shutting down and abandoning module WindowsServerTargetPlatform (107)
[2019.11.14-17.47.06:867][430]LogModuleManager: Shutting down and abandoning module WindowsNoEditorTargetPlatform (105)
[2019.11.14-17.47.06:867][430]LogModuleManager: Shutting down and abandoning module WindowsClientTargetPlatform (103)
[2019.11.14-17.47.06:867][430]LogModuleManager: Shutting down and abandoning module MacTargetPlatform (101)
[2019.11.14-17.47.06:906][430]LogModuleManager: Shutting down and abandoning module MacServerTargetPlatform (99)
[2019.11.14-17.47.06:906][430]LogModuleManager: Shutting down and abandoning module MacNoEditorTargetPlatform (97)
[2019.11.14-17.47.06:906][430]LogModuleManager: Shutting down and abandoning module MacClientTargetPlatform (95)
[2019.11.14-17.47.06:906][430]LogModuleManager: Shutting down and abandoning module AllDesktopTargetPlatform (93)
[2019.11.14-17.47.06:906][430]LogModuleManager: Shutting down and abandoning module InputCore (90)
[2019.11.14-17.47.06:906][430]LogModuleManager: Shutting down and abandoning module Settings (88)
[2019.11.14-17.47.06:928][430]LogModuleManager: Shutting down and abandoning module DirectoryWatcher (86)
[2019.11.14-17.47.06:934][430]LogModuleManager: Shutting down and abandoning module PhysXCooking (84)
[2019.11.14-17.47.06:936][430]LogModuleManager: Shutting down and abandoning module WindowsPlatformFeatures (82)
[2019.11.14-17.47.06:936][430]LogModuleManager: Shutting down and abandoning module GameplayMediaEncoder (81)
[2019.11.14-17.47.06:970][430]LogModuleManager: Shutting down and abandoning module SteamVR (78)
[2019.11.14-17.47.06:979][430]LogHMD: Freeing OpenVRDLLHandle.
[2019.11.14-17.47.06:979][430]LogModuleManager: Shutting down and abandoning module OculusHMD (76)
[2019.11.14-17.47.06:985][430]LogModuleManager: Shutting down and abandoning module ExampleDeviceProfileSelector (74)
[2019.11.14-17.47.06:985][430]LogModuleManager: Shutting down and abandoning module LauncherChunkInstaller (72)
[2019.11.14-17.47.06:985][430]LogModuleManager: Shutting down and abandoning module OnlineBlueprintSupport (70)
[2019.11.14-17.47.06:985][430]LogModuleManager: Shutting down and abandoning module OnlineSubsystem (66)
[2019.11.14-17.47.07:121][430]LogModuleManager: Shutting down and abandoning module XMPP (61)
[2019.11.14-17.47.07:148][430]LogModuleManager: Shutting down and abandoning module WebSockets (60)
[2019.11.14-17.47.07:233][430]LogModuleManager: Shutting down and abandoning module HTTP (57)
[2019.11.14-17.47.07:233][430]LogHttp: Display: Http module shutting down, but needs to wait on 1 outstanding Http requests:
[2019.11.14-17.47.07:233][430]LogHttp: Display: 	verb=[POST] url=[https://datarouter.ol.epicgames.com/datarouter/api/v1/public/data?SessionID=%7B8E27F70E-4BAC-9F00-F59F-99B3F028A36A%7D&AppID=UEEditor.Rocket.Release&AppVersion=4.23.0-8386587%2B%2B%2BUE4%2BRelease-4.23&UserID=afa4845147fe7219c468f4b37360faaa%7C5f4cfe0f471d44219164a6275e6d76cb%7C6adc9a6b-9a80-4162-a0b4-66f5f40414f5&AppEnvironment=datacollector-binary&UploadType=eteventstream] status=Processing
[2019.11.14-17.47.07:247][430]LogModuleManager: Shutting down and abandoning module SSL (56)
[2019.11.14-17.47.07:375][430]LogModuleManager: Shutting down and abandoning module WmfMedia (52)
[2019.11.14-17.47.07:412][430]LogModuleManager: Shutting down and abandoning module Media (51)
[2019.11.14-17.47.07:429][430]LogModuleManager: Shutting down and abandoning module MagicLeap (48)
[2019.11.14-17.47.07:455][430]LogModuleManager: Shutting down and abandoning module DatasmithContent (46)
[2019.11.14-17.47.07:481][430]LogModuleManager: Shutting down and abandoning module AISupportModule (44)
[2019.11.14-17.47.07:481][430]LogModuleManager: Shutting down and abandoning module PlatformCryptoOpenSSL (42)
[2019.11.14-17.47.07:501][430]LogModuleManager: Shutting down and abandoning module PlatformCrypto (40)
[2019.11.14-17.47.07:502][430]LogModuleManager: Shutting down and abandoning module AnimationModifiers (38)
[2019.11.14-17.47.07:584][430]LogModuleManager: Shutting down and abandoning module PropertyEditor (37)
[2019.11.14-17.47.07:608][430]LogModuleManager: Shutting down and abandoning module AudioEditor (34)
[2019.11.14-17.47.07:649][430]LogModuleManager: Shutting down and abandoning module TextureCompressor (32)
[2019.11.14-17.47.07:772][430]LogModuleManager: Shutting down and abandoning module RenderCore (30)
[2019.11.14-17.47.07:772][430]LogModuleManager: Shutting down and abandoning module Landscape (28)
[2019.11.14-17.47.07:772][430]LogModuleManager: Shutting down and abandoning module SlateRHIRenderer (26)
[2019.11.14-17.47.07:791][430]LogModuleManager: Shutting down and abandoning module OpenGLDrv (24)
[2019.11.14-17.47.07:876][430]LogModuleManager: Shutting down and abandoning module D3D11RHI (22)
[2019.11.14-17.47.07:876][430]LogModuleManager: Shutting down and abandoning module AnimGraphRuntime (20)
[2019.11.14-17.47.07:921][430]LogModuleManager: Shutting down and abandoning module Renderer (18)
[2019.11.14-17.47.07:933][430]LogModuleManager: Shutting down and abandoning module Engine (16)
[2019.11.14-17.47.07:933][430]LogModuleManager: Shutting down and abandoning module CoreUObject (14)
[2019.11.14-17.47.07:933][430]LogModuleManager: Shutting down and abandoning module NetworkFile (12)
[2019.11.14-17.47.07:989][430]LogModuleManager: Shutting down and abandoning module CookedIterativeFile (10)
[2019.11.14-17.47.07:989][430]LogModuleManager: Shutting down and abandoning module StreamingFile (8)
[2019.11.14-17.47.07:998][430]LogModuleManager: Shutting down and abandoning module SandboxFile (6)
[2019.11.14-17.47.07:998][430]LogModuleManager: Shutting down and abandoning module PakFile (4)
[2019.11.14-17.47.08:003][430]LogModuleManager: Shutting down and abandoning module RSA (3)
[2019.11.14-17.47.08:034][430]LogD3D11RHI: Shutdown
[2019.11.14-17.47.08:046][430]LogD3D11RHI: CleanupD3DDevice
[2019.11.14-17.47.08:708][430]LogRendererCore: FGlobalDynamicReadBuffer::Cleanup()
[2019.11.14-17.47.08:782][430]LogRendererCore: FGlobalDynamicReadBuffer::Cleanup()
[2019.11.14-17.47.08:782][430]LogRendererCore: FGlobalDynamicReadBuffer::Cleanup()
[2019.11.14-17.47.14:489][430]LogD3D11RHI: ~FD3D11DynamicRHI
[2019.11.14-17.47.14:719][430]LogExit: Exiting.
[2019.11.14-17.47.15:299][430]Log file closed, 11/14/19 11:47:15
